{
"C:\\Users\\charbel pc\\inf2990-13\\Sudoku\\client\\out\\app.component.js":{"path":"C:\\Users\\charbel pc\\inf2990-13\\Sudoku\\client\\out\\app.component.js","s":{"1":1,"2":1,"3":1,"4":1,"5":0,"6":0,"7":0,"8":1,"9":1,"10":1,"11":1,"12":1,"13":1,"14":1,"15":1,"16":0,"17":0,"18":0,"19":0,"20":0,"21":0,"22":0,"23":0,"24":0,"25":0,"26":0,"27":0,"28":0,"29":0,"30":0,"31":0,"32":1,"33":1},"b":{"1":[1,1,1],"2":[1,0],"3":[0,0],"4":[1,0],"5":[1,1],"6":[0,0],"7":[0,0],"8":[0,0],"9":[0,0],"10":[1,0,0],"11":[1,1,1],"12":[1,0],"13":[1,1]},"f":{"1":1,"2":1,"3":0,"4":0,"5":0,"6":0,"7":0,"8":0},"fnMap":{"1":{"name":"(anonymous_1)","line":2,"loc":{"start":{"line":2,"column":46},"end":{"line":2,"column":87}}},"2":{"name":"(anonymous_2)","line":8,"loc":{"start":{"line":8,"column":46},"end":{"line":8,"column":62}}},"3":{"name":"(anonymous_3)","line":17,"loc":{"start":{"line":17,"column":15},"end":{"line":17,"column":18}}},"4":{"name":"(anonymous_4)","line":24,"loc":{"start":{"line":24,"column":12},"end":{"line":24,"column":15}}},"5":{"name":"(anonymous_5)","line":27,"loc":{"start":{"line":27,"column":15},"end":{"line":27,"column":18}}},"6":{"name":"(anonymous_6)","line":33,"loc":{"start":{"line":33,"column":19},"end":{"line":33,"column":32}}},"7":{"name":"(anonymous_7)","line":37,"loc":{"start":{"line":37,"column":21},"end":{"line":37,"column":34}}},"8":{"name":"(anonymous_8)","line":40,"loc":{"start":{"line":40,"column":25},"end":{"line":40,"column":33}}}},"statementMap":{"1":{"start":{"line":2,"column":0},"end":{"line":7,"column":2}},"2":{"start":{"line":3,"column":4},"end":{"line":3,"column":129}},"3":{"start":{"line":4,"column":4},"end":{"line":5,"column":150}},"4":{"start":{"line":4,"column":79},"end":{"line":4,"column":131}},"5":{"start":{"line":5,"column":9},"end":{"line":5,"column":150}},"6":{"start":{"line":5,"column":58},"end":{"line":5,"column":150}},"7":{"start":{"line":5,"column":81},"end":{"line":5,"column":150}},"8":{"start":{"line":6,"column":4},"end":{"line":6,"column":66}},"9":{"start":{"line":8,"column":0},"end":{"line":10,"column":2}},"10":{"start":{"line":9,"column":4},"end":{"line":9,"column":109}},"11":{"start":{"line":9,"column":79},"end":{"line":9,"column":109}},"12":{"start":{"line":11,"column":0},"end":{"line":11,"column":40}},"13":{"start":{"line":12,"column":0},"end":{"line":12,"column":42}},"14":{"start":{"line":13,"column":0},"end":{"line":13,"column":39}},"15":{"start":{"line":16,"column":0},"end":{"line":46,"column":2}},"16":{"start":{"line":18,"column":8},"end":{"line":18,"column":40}},"17":{"start":{"line":19,"column":8},"end":{"line":19,"column":36}},"18":{"start":{"line":20,"column":8},"end":{"line":20,"column":28}},"19":{"start":{"line":21,"column":8},"end":{"line":21,"column":47}},"20":{"start":{"line":22,"column":8},"end":{"line":22,"column":55}},"21":{"start":{"line":25,"column":8},"end":{"line":25,"column":27}},"22":{"start":{"line":28,"column":8},"end":{"line":28,"column":40}},"23":{"start":{"line":29,"column":8},"end":{"line":31,"column":9}},"24":{"start":{"line":30,"column":12},"end":{"line":30,"column":83}},"25":{"start":{"line":34,"column":8},"end":{"line":34,"column":37}},"26":{"start":{"line":35,"column":8},"end":{"line":35,"column":39}},"27":{"start":{"line":38,"column":8},"end":{"line":38,"column":37}},"28":{"start":{"line":41,"column":8},"end":{"line":41,"column":35}},"29":{"start":{"line":42,"column":8},"end":{"line":42,"column":39}},"30":{"start":{"line":43,"column":8},"end":{"line":43,"column":64}},"31":{"start":{"line":44,"column":8},"end":{"line":44,"column":60}},"32":{"start":{"line":47,"column":0},"end":{"line":96,"column":17}},"33":{"start":{"line":97,"column":0},"end":{"line":97,"column":36}}},"branchMap":{"1":{"line":2,"type":"binary-expr","locations":[{"start":{"line":2,"column":18},"end":{"line":2,"column":22}},{"start":{"line":2,"column":26},"end":{"line":2,"column":41}},{"start":{"line":2,"column":46},"end":{"line":7,"column":1}}]},"2":{"line":3,"type":"cond-expr","locations":[{"start":{"line":3,"column":42},"end":{"line":3,"column":48}},{"start":{"line":3,"column":51},"end":{"line":3,"column":125}}]},"3":{"line":3,"type":"cond-expr","locations":[{"start":{"line":3,"column":67},"end":{"line":3,"column":118}},{"start":{"line":3,"column":121},"end":{"line":3,"column":125}}]},"4":{"line":4,"type":"if","locations":[{"start":{"line":4,"column":4},"end":{"line":4,"column":4}},{"start":{"line":4,"column":4},"end":{"line":4,"column":4}}]},"5":{"line":4,"type":"binary-expr","locations":[{"start":{"line":4,"column":8},"end":{"line":4,"column":35}},{"start":{"line":4,"column":39},"end":{"line":4,"column":77}}]},"6":{"line":5,"type":"if","locations":[{"start":{"line":5,"column":58},"end":{"line":5,"column":58}},{"start":{"line":5,"column":58},"end":{"line":5,"column":58}}]},"7":{"line":5,"type":"binary-expr","locations":[{"start":{"line":5,"column":86},"end":{"line":5,"column":143}},{"start":{"line":5,"column":148},"end":{"line":5,"column":149}}]},"8":{"line":5,"type":"cond-expr","locations":[{"start":{"line":5,"column":94},"end":{"line":5,"column":98}},{"start":{"line":5,"column":101},"end":{"line":5,"column":143}}]},"9":{"line":5,"type":"cond-expr","locations":[{"start":{"line":5,"column":109},"end":{"line":5,"column":126}},{"start":{"line":5,"column":129},"end":{"line":5,"column":143}}]},"10":{"line":6,"type":"binary-expr","locations":[{"start":{"line":6,"column":11},"end":{"line":6,"column":16}},{"start":{"line":6,"column":20},"end":{"line":6,"column":21}},{"start":{"line":6,"column":25},"end":{"line":6,"column":62}}]},"11":{"line":8,"type":"binary-expr","locations":[{"start":{"line":8,"column":18},"end":{"line":8,"column":22}},{"start":{"line":8,"column":26},"end":{"line":8,"column":41}},{"start":{"line":8,"column":46},"end":{"line":10,"column":1}}]},"12":{"line":9,"type":"if","locations":[{"start":{"line":9,"column":4},"end":{"line":9,"column":4}},{"start":{"line":9,"column":4},"end":{"line":9,"column":4}}]},"13":{"line":9,"type":"binary-expr","locations":[{"start":{"line":9,"column":8},"end":{"line":9,"column":35}},{"start":{"line":9,"column":39},"end":{"line":9,"column":77}}]}},"l":{"2":1,"3":1,"4":1,"5":0,"6":1,"8":1,"9":1,"11":1,"12":1,"13":1,"16":1,"18":0,"19":0,"20":0,"21":0,"22":0,"25":0,"28":0,"29":0,"30":0,"34":0,"35":0,"38":0,"41":0,"42":0,"43":0,"44":0,"47":1,"97":1}},
"C:\\Users\\charbel pc\\inf2990-13\\Sudoku\\client\\out\\app.module.js":{"path":"C:\\Users\\charbel pc\\inf2990-13\\Sudoku\\client\\out\\app.module.js","s":{"1":0,"2":0,"3":0,"4":0,"5":0,"6":0,"7":0,"8":0,"9":0,"10":0,"11":0,"12":0,"13":0,"14":0,"15":0,"16":0,"17":0,"18":0,"19":0,"20":0,"21":0,"22":0,"23":0,"24":0,"25":0,"26":0,"27":0},"b":{"1":[0,0,0],"2":[0,0],"3":[0,0],"4":[0,0],"5":[0,0],"6":[0,0],"7":[0,0],"8":[0,0],"9":[0,0],"10":[0,0,0],"11":[0,0,0],"12":[0,0],"13":[0,0]},"f":{"1":0,"2":0},"fnMap":{"1":{"name":"(anonymous_1)","line":2,"loc":{"start":{"line":2,"column":46},"end":{"line":2,"column":87}}},"2":{"name":"(anonymous_2)","line":8,"loc":{"start":{"line":8,"column":46},"end":{"line":8,"column":62}}}},"statementMap":{"1":{"start":{"line":2,"column":0},"end":{"line":7,"column":2}},"2":{"start":{"line":3,"column":4},"end":{"line":3,"column":129}},"3":{"start":{"line":4,"column":4},"end":{"line":5,"column":150}},"4":{"start":{"line":4,"column":79},"end":{"line":4,"column":131}},"5":{"start":{"line":5,"column":9},"end":{"line":5,"column":150}},"6":{"start":{"line":5,"column":58},"end":{"line":5,"column":150}},"7":{"start":{"line":5,"column":81},"end":{"line":5,"column":150}},"8":{"start":{"line":6,"column":4},"end":{"line":6,"column":66}},"9":{"start":{"line":8,"column":0},"end":{"line":10,"column":2}},"10":{"start":{"line":9,"column":4},"end":{"line":9,"column":109}},"11":{"start":{"line":9,"column":79},"end":{"line":9,"column":109}},"12":{"start":{"line":11,"column":0},"end":{"line":11,"column":40}},"13":{"start":{"line":12,"column":0},"end":{"line":12,"column":64}},"14":{"start":{"line":13,"column":0},"end":{"line":13,"column":42}},"15":{"start":{"line":14,"column":0},"end":{"line":14,"column":40}},"16":{"start":{"line":15,"column":0},"end":{"line":15,"column":51}},"17":{"start":{"line":16,"column":0},"end":{"line":16,"column":84}},"18":{"start":{"line":17,"column":0},"end":{"line":17,"column":60}},"19":{"start":{"line":18,"column":0},"end":{"line":18,"column":61}},"20":{"start":{"line":19,"column":0},"end":{"line":19,"column":64}},"21":{"start":{"line":20,"column":0},"end":{"line":20,"column":73}},"22":{"start":{"line":21,"column":0},"end":{"line":21,"column":64}},"23":{"start":{"line":22,"column":0},"end":{"line":22,"column":60}},"24":{"start":{"line":23,"column":0},"end":{"line":23,"column":67}},"25":{"start":{"line":24,"column":0},"end":{"line":25,"column":2}},"26":{"start":{"line":26,"column":0},"end":{"line":46,"column":14}},"27":{"start":{"line":47,"column":0},"end":{"line":47,"column":30}}},"branchMap":{"1":{"line":2,"type":"binary-expr","locations":[{"start":{"line":2,"column":18},"end":{"line":2,"column":22}},{"start":{"line":2,"column":26},"end":{"line":2,"column":41}},{"start":{"line":2,"column":46},"end":{"line":7,"column":1}}]},"2":{"line":3,"type":"cond-expr","locations":[{"start":{"line":3,"column":42},"end":{"line":3,"column":48}},{"start":{"line":3,"column":51},"end":{"line":3,"column":125}}]},"3":{"line":3,"type":"cond-expr","locations":[{"start":{"line":3,"column":67},"end":{"line":3,"column":118}},{"start":{"line":3,"column":121},"end":{"line":3,"column":125}}]},"4":{"line":4,"type":"if","locations":[{"start":{"line":4,"column":4},"end":{"line":4,"column":4}},{"start":{"line":4,"column":4},"end":{"line":4,"column":4}}]},"5":{"line":4,"type":"binary-expr","locations":[{"start":{"line":4,"column":8},"end":{"line":4,"column":35}},{"start":{"line":4,"column":39},"end":{"line":4,"column":77}}]},"6":{"line":5,"type":"if","locations":[{"start":{"line":5,"column":58},"end":{"line":5,"column":58}},{"start":{"line":5,"column":58},"end":{"line":5,"column":58}}]},"7":{"line":5,"type":"binary-expr","locations":[{"start":{"line":5,"column":86},"end":{"line":5,"column":143}},{"start":{"line":5,"column":148},"end":{"line":5,"column":149}}]},"8":{"line":5,"type":"cond-expr","locations":[{"start":{"line":5,"column":94},"end":{"line":5,"column":98}},{"start":{"line":5,"column":101},"end":{"line":5,"column":143}}]},"9":{"line":5,"type":"cond-expr","locations":[{"start":{"line":5,"column":109},"end":{"line":5,"column":126}},{"start":{"line":5,"column":129},"end":{"line":5,"column":143}}]},"10":{"line":6,"type":"binary-expr","locations":[{"start":{"line":6,"column":11},"end":{"line":6,"column":16}},{"start":{"line":6,"column":20},"end":{"line":6,"column":21}},{"start":{"line":6,"column":25},"end":{"line":6,"column":62}}]},"11":{"line":8,"type":"binary-expr","locations":[{"start":{"line":8,"column":18},"end":{"line":8,"column":22}},{"start":{"line":8,"column":26},"end":{"line":8,"column":41}},{"start":{"line":8,"column":46},"end":{"line":10,"column":1}}]},"12":{"line":9,"type":"if","locations":[{"start":{"line":9,"column":4},"end":{"line":9,"column":4}},{"start":{"line":9,"column":4},"end":{"line":9,"column":4}}]},"13":{"line":9,"type":"binary-expr","locations":[{"start":{"line":9,"column":8},"end":{"line":9,"column":35}},{"start":{"line":9,"column":39},"end":{"line":9,"column":77}}]}},"l":{"2":0,"3":0,"4":0,"5":0,"6":0,"8":0,"9":0,"11":0,"12":0,"13":0,"14":0,"15":0,"16":0,"17":0,"18":0,"19":0,"20":0,"21":0,"22":0,"23":0,"24":0,"26":0,"47":0}},
"C:\\Users\\charbel pc\\inf2990-13\\Sudoku\\client\\out\\app.sudokuService.js":{"path":"C:\\Users\\charbel pc\\inf2990-13\\Sudoku\\client\\out\\app.sudokuService.js","s":{},"b":{},"f":{},"fnMap":{},"statementMap":{},"branchMap":{},"l":{}},
"C:\\Users\\charbel pc\\inf2990-13\\Sudoku\\client\\out\\grille\\grille.component.js":{"path":"C:\\Users\\charbel pc\\inf2990-13\\Sudoku\\client\\out\\grille\\grille.component.js","s":{"1":1,"2":4,"3":4,"4":4,"5":0,"6":0,"7":0,"8":4,"9":1,"10":4,"11":4,"12":1,"13":1,"14":1,"15":1,"16":1,"17":1,"18":1,"19":1,"20":1,"21":1,"22":1,"23":1,"24":4,"25":4,"26":4,"27":4,"28":4,"29":4,"30":4,"31":4,"32":4,"33":4,"34":4,"35":0,"36":0,"37":4,"38":4,"39":4,"40":4,"41":4,"42":4,"43":4,"44":4,"45":4,"46":4,"47":0,"48":0,"49":0,"50":0,"51":0,"52":0,"53":0,"54":0,"55":0,"56":0,"57":0,"58":0,"59":0,"60":0,"61":0,"62":0,"63":0,"64":0,"65":0,"66":0,"67":0,"68":0,"69":0,"70":0,"71":0,"72":0,"73":0,"74":0,"75":0,"76":0,"77":0,"78":0,"79":0,"80":0,"81":0,"82":0,"83":0,"84":0,"85":0,"86":0,"87":0,"88":0,"89":0,"90":0,"91":0,"92":0,"93":0,"94":0,"95":0,"96":0,"97":0,"98":0,"99":0,"100":0,"101":0,"102":0,"103":0,"104":0,"105":0,"106":0,"107":0,"108":0,"109":0,"110":0,"111":0,"112":0,"113":0,"114":0,"115":0,"116":0,"117":0,"118":0,"119":0,"120":0,"121":0,"122":0,"123":0,"124":0,"125":0,"126":0,"127":0,"128":0,"129":0,"130":0,"131":1134,"132":0,"133":0,"134":0,"135":0,"136":0,"137":0,"138":0,"139":0,"140":0,"141":0,"142":0,"143":0,"144":0,"145":0,"146":0,"147":0,"148":0,"149":0,"150":0,"151":0,"152":0,"153":0,"154":1,"155":1,"156":1,"157":1,"158":1,"159":2,"160":40,"161":40,"162":360,"163":36,"164":40},"b":{"1":[1,1,1],"2":[1,3],"3":[0,3],"4":[4,0],"5":[4,4],"6":[0,0],"7":[0,0],"8":[0,0],"9":[0,0],"10":[4,3,0],"11":[1,1,1],"12":[4,0],"13":[4,4],"14":[0,0,0,0,0],"15":[0,0],"16":[0,0],"17":[0,0],"18":[0,0],"19":[0,0],"20":[0,0],"21":[0,0,0],"22":[0,0],"23":[0,0],"24":[0,0],"25":[0,0],"26":[0,0],"27":[0,0],"28":[0,0],"29":[0,0,0],"30":[36,324]},"f":{"1":4,"2":4,"3":4,"4":4,"5":4,"6":4,"7":4,"8":0,"9":0,"10":0,"11":0,"12":0,"13":0,"14":0,"15":0,"16":0,"17":0,"18":0,"19":0,"20":0,"21":0,"22":0,"23":1134,"24":0,"25":0,"26":0,"27":40},"fnMap":{"1":{"name":"(anonymous_1)","line":10,"loc":{"start":{"line":10,"column":46},"end":{"line":10,"column":87}}},"2":{"name":"(anonymous_2)","line":16,"loc":{"start":{"line":16,"column":46},"end":{"line":16,"column":62}}},"3":{"name":"(anonymous_3)","line":34,"loc":{"start":{"line":34,"column":15},"end":{"line":34,"column":31}}},"4":{"name":"(anonymous_4)","line":44,"loc":{"start":{"line":44,"column":19},"end":{"line":44,"column":22}}},"5":{"name":"(anonymous_5)","line":47,"loc":{"start":{"line":47,"column":21},"end":{"line":47,"column":24}}},"6":{"name":"(anonymous_6)","line":57,"loc":{"start":{"line":57,"column":25},"end":{"line":57,"column":28}}},"7":{"name":"(anonymous_7)","line":62,"loc":{"start":{"line":62,"column":14},"end":{"line":62,"column":17}}},"8":{"name":"(anonymous_8)","line":70,"loc":{"start":{"line":70,"column":25},"end":{"line":70,"column":38}}},"9":{"name":"(anonymous_9)","line":79,"loc":{"start":{"line":79,"column":23},"end":{"line":79,"column":26}}},"10":{"name":"(anonymous_10)","line":85,"loc":{"start":{"line":85,"column":30},"end":{"line":85,"column":40}}},"11":{"name":"(anonymous_11)","line":106,"loc":{"start":{"line":106,"column":17},"end":{"line":106,"column":20}}},"12":{"name":"(anonymous_12)","line":112,"loc":{"start":{"line":112,"column":16},"end":{"line":112,"column":19}}},"13":{"name":"(anonymous_13)","line":124,"loc":{"start":{"line":124,"column":16},"end":{"line":124,"column":19}}},"14":{"name":"(anonymous_14)","line":136,"loc":{"start":{"line":136,"column":15},"end":{"line":136,"column":18}}},"15":{"name":"(anonymous_15)","line":148,"loc":{"start":{"line":148,"column":14},"end":{"line":148,"column":17}}},"16":{"name":"(anonymous_16)","line":160,"loc":{"start":{"line":160,"column":17},"end":{"line":160,"column":27}}},"17":{"name":"(anonymous_17)","line":170,"loc":{"start":{"line":170,"column":20},"end":{"line":170,"column":23}}},"18":{"name":"(anonymous_18)","line":179,"loc":{"start":{"line":179,"column":28},"end":{"line":179,"column":36}}},"19":{"name":"(anonymous_19)","line":182,"loc":{"start":{"line":182,"column":21},"end":{"line":182,"column":24}}},"20":{"name":"(anonymous_20)","line":186,"loc":{"start":{"line":186,"column":29},"end":{"line":186,"column":32}}},"21":{"name":"(anonymous_21)","line":198,"loc":{"start":{"line":198,"column":17},"end":{"line":198,"column":32}}},"22":{"name":"(anonymous_22)","line":205,"loc":{"start":{"line":205,"column":15},"end":{"line":205,"column":37}}},"23":{"name":"(anonymous_23)","line":220,"loc":{"start":{"line":220,"column":29},"end":{"line":220,"column":36}}},"24":{"name":"(anonymous_24)","line":223,"loc":{"start":{"line":223,"column":18},"end":{"line":223,"column":21}}},"25":{"name":"(anonymous_25)","line":251,"loc":{"start":{"line":251,"column":20},"end":{"line":251,"column":27}}},"26":{"name":"(anonymous_26)","line":254,"loc":{"start":{"line":254,"column":23},"end":{"line":254,"column":26}}},"27":{"name":"copy","line":283,"loc":{"start":{"line":283,"column":0},"end":{"line":283,"column":19}}}},"statementMap":{"1":{"start":{"line":10,"column":0},"end":{"line":15,"column":2}},"2":{"start":{"line":11,"column":4},"end":{"line":11,"column":129}},"3":{"start":{"line":12,"column":4},"end":{"line":13,"column":150}},"4":{"start":{"line":12,"column":79},"end":{"line":12,"column":131}},"5":{"start":{"line":13,"column":9},"end":{"line":13,"column":150}},"6":{"start":{"line":13,"column":58},"end":{"line":13,"column":150}},"7":{"start":{"line":13,"column":81},"end":{"line":13,"column":150}},"8":{"start":{"line":14,"column":4},"end":{"line":14,"column":66}},"9":{"start":{"line":16,"column":0},"end":{"line":18,"column":2}},"10":{"start":{"line":17,"column":4},"end":{"line":17,"column":109}},"11":{"start":{"line":17,"column":79},"end":{"line":17,"column":109}},"12":{"start":{"line":22,"column":0},"end":{"line":22,"column":18}},"13":{"start":{"line":23,"column":0},"end":{"line":23,"column":16}},"14":{"start":{"line":24,"column":0},"end":{"line":24,"column":18}},"15":{"start":{"line":25,"column":0},"end":{"line":25,"column":15}},"16":{"start":{"line":26,"column":0},"end":{"line":26,"column":21}},"17":{"start":{"line":27,"column":0},"end":{"line":27,"column":21}},"18":{"start":{"line":28,"column":0},"end":{"line":28,"column":20}},"19":{"start":{"line":29,"column":0},"end":{"line":29,"column":23}},"20":{"start":{"line":30,"column":0},"end":{"line":30,"column":40}},"21":{"start":{"line":31,"column":0},"end":{"line":31,"column":75}},"22":{"start":{"line":32,"column":0},"end":{"line":32,"column":53}},"23":{"start":{"line":33,"column":0},"end":{"line":260,"column":2}},"24":{"start":{"line":35,"column":8},"end":{"line":35,"column":43}},"25":{"start":{"line":36,"column":8},"end":{"line":36,"column":56}},"26":{"start":{"line":37,"column":8},"end":{"line":37,"column":59}},"27":{"start":{"line":38,"column":8},"end":{"line":38,"column":35}},"28":{"start":{"line":39,"column":8},"end":{"line":39,"column":41}},"29":{"start":{"line":40,"column":8},"end":{"line":40,"column":43}},"30":{"start":{"line":41,"column":8},"end":{"line":41,"column":46}},"31":{"start":{"line":42,"column":8},"end":{"line":42,"column":36}},"32":{"start":{"line":45,"column":8},"end":{"line":45,"column":33}},"33":{"start":{"line":48,"column":8},"end":{"line":48,"column":53}},"34":{"start":{"line":49,"column":8},"end":{"line":52,"column":11}},"35":{"start":{"line":50,"column":12},"end":{"line":50,"column":55}},"36":{"start":{"line":51,"column":12},"end":{"line":51,"column":52}},"37":{"start":{"line":53,"column":8},"end":{"line":53,"column":56}},"38":{"start":{"line":54,"column":8},"end":{"line":54,"column":58}},"39":{"start":{"line":55,"column":8},"end":{"line":55,"column":60}},"40":{"start":{"line":58,"column":8},"end":{"line":60,"column":11}},"41":{"start":{"line":59,"column":12},"end":{"line":59,"column":30}},"42":{"start":{"line":63,"column":8},"end":{"line":68,"column":11}},"43":{"start":{"line":64,"column":12},"end":{"line":64,"column":38}},"44":{"start":{"line":65,"column":12},"end":{"line":65,"column":47}},"45":{"start":{"line":66,"column":12},"end":{"line":66,"column":50}},"46":{"start":{"line":67,"column":12},"end":{"line":67,"column":75}},"47":{"start":{"line":71,"column":8},"end":{"line":71,"column":37}},"48":{"start":{"line":72,"column":8},"end":{"line":72,"column":48}},"49":{"start":{"line":73,"column":8},"end":{"line":73,"column":26}},"50":{"start":{"line":74,"column":8},"end":{"line":74,"column":35}},"51":{"start":{"line":75,"column":8},"end":{"line":75,"column":56}},"52":{"start":{"line":76,"column":8},"end":{"line":76,"column":58}},"53":{"start":{"line":77,"column":8},"end":{"line":77,"column":60}},"54":{"start":{"line":80,"column":8},"end":{"line":80,"column":45}},"55":{"start":{"line":81,"column":8},"end":{"line":81,"column":89}},"56":{"start":{"line":87,"column":8},"end":{"line":104,"column":9}},"57":{"start":{"line":89,"column":16},"end":{"line":89,"column":37}},"58":{"start":{"line":90,"column":16},"end":{"line":90,"column":38}},"59":{"start":{"line":91,"column":16},"end":{"line":91,"column":22}},"60":{"start":{"line":93,"column":16},"end":{"line":93,"column":36}},"61":{"start":{"line":94,"column":16},"end":{"line":94,"column":22}},"62":{"start":{"line":96,"column":16},"end":{"line":96,"column":36}},"63":{"start":{"line":97,"column":16},"end":{"line":97,"column":22}},"64":{"start":{"line":99,"column":16},"end":{"line":99,"column":35}},"65":{"start":{"line":100,"column":16},"end":{"line":100,"column":22}},"66":{"start":{"line":102,"column":16},"end":{"line":102,"column":34}},"67":{"start":{"line":103,"column":16},"end":{"line":103,"column":22}},"68":{"start":{"line":108,"column":8},"end":{"line":110,"column":9}},"69":{"start":{"line":109,"column":12},"end":{"line":109,"column":83}},"70":{"start":{"line":113,"column":8},"end":{"line":113,"column":45}},"71":{"start":{"line":114,"column":8},"end":{"line":114,"column":45}},"72":{"start":{"line":115,"column":8},"end":{"line":120,"column":9}},"73":{"start":{"line":116,"column":12},"end":{"line":116,"column":26}},"74":{"start":{"line":119,"column":12},"end":{"line":119,"column":24}},"75":{"start":{"line":121,"column":8},"end":{"line":121,"column":41}},"76":{"start":{"line":122,"column":8},"end":{"line":122,"column":41}},"77":{"start":{"line":125,"column":8},"end":{"line":125,"column":45}},"78":{"start":{"line":126,"column":8},"end":{"line":126,"column":45}},"79":{"start":{"line":127,"column":8},"end":{"line":132,"column":9}},"80":{"start":{"line":128,"column":12},"end":{"line":128,"column":26}},"81":{"start":{"line":131,"column":12},"end":{"line":131,"column":24}},"82":{"start":{"line":133,"column":8},"end":{"line":133,"column":41}},"83":{"start":{"line":134,"column":8},"end":{"line":134,"column":41}},"84":{"start":{"line":137,"column":8},"end":{"line":137,"column":45}},"85":{"start":{"line":138,"column":8},"end":{"line":138,"column":45}},"86":{"start":{"line":139,"column":8},"end":{"line":144,"column":9}},"87":{"start":{"line":140,"column":12},"end":{"line":140,"column":26}},"88":{"start":{"line":143,"column":12},"end":{"line":143,"column":24}},"89":{"start":{"line":145,"column":8},"end":{"line":145,"column":41}},"90":{"start":{"line":146,"column":8},"end":{"line":146,"column":41}},"91":{"start":{"line":149,"column":8},"end":{"line":149,"column":45}},"92":{"start":{"line":150,"column":8},"end":{"line":150,"column":45}},"93":{"start":{"line":151,"column":8},"end":{"line":156,"column":9}},"94":{"start":{"line":152,"column":12},"end":{"line":152,"column":26}},"95":{"start":{"line":155,"column":12},"end":{"line":155,"column":24}},"96":{"start":{"line":157,"column":8},"end":{"line":157,"column":41}},"97":{"start":{"line":158,"column":8},"end":{"line":158,"column":41}},"98":{"start":{"line":161,"column":8},"end":{"line":168,"column":9}},"99":{"start":{"line":163,"column":12},"end":{"line":163,"column":91}},"100":{"start":{"line":164,"column":12},"end":{"line":164,"column":91}},"101":{"start":{"line":165,"column":12},"end":{"line":167,"column":13}},"102":{"start":{"line":166,"column":16},"end":{"line":166,"column":49}},"103":{"start":{"line":171,"column":8},"end":{"line":171,"column":33}},"104":{"start":{"line":172,"column":8},"end":{"line":176,"column":9}},"105":{"start":{"line":173,"column":12},"end":{"line":175,"column":13}},"106":{"start":{"line":174,"column":16},"end":{"line":174,"column":38}},"107":{"start":{"line":177,"column":8},"end":{"line":177,"column":29}},"108":{"start":{"line":180,"column":8},"end":{"line":180,"column":40}},"109":{"start":{"line":183,"column":8},"end":{"line":183,"column":54}},"110":{"start":{"line":184,"column":8},"end":{"line":184,"column":35}},"111":{"start":{"line":189,"column":8},"end":{"line":195,"column":11}},"112":{"start":{"line":190,"column":12},"end":{"line":190,"column":86}},"113":{"start":{"line":191,"column":12},"end":{"line":194,"column":13}},"114":{"start":{"line":192,"column":16},"end":{"line":192,"column":37}},"115":{"start":{"line":193,"column":16},"end":{"line":193,"column":41}},"116":{"start":{"line":199,"column":8},"end":{"line":199,"column":24}},"117":{"start":{"line":200,"column":8},"end":{"line":202,"column":9}},"118":{"start":{"line":201,"column":12},"end":{"line":201,"column":41}},"119":{"start":{"line":203,"column":8},"end":{"line":203,"column":22}},"120":{"start":{"line":206,"column":8},"end":{"line":206,"column":49}},"121":{"start":{"line":207,"column":8},"end":{"line":207,"column":49}},"122":{"start":{"line":208,"column":8},"end":{"line":208,"column":35}},"123":{"start":{"line":209,"column":8},"end":{"line":209,"column":37}},"124":{"start":{"line":210,"column":8},"end":{"line":210,"column":50}},"125":{"start":{"line":211,"column":8},"end":{"line":211,"column":54}},"126":{"start":{"line":212,"column":8},"end":{"line":212,"column":22}},"127":{"start":{"line":213,"column":8},"end":{"line":217,"column":9}},"128":{"start":{"line":214,"column":12},"end":{"line":216,"column":13}},"129":{"start":{"line":215,"column":16},"end":{"line":215,"column":41}},"130":{"start":{"line":218,"column":8},"end":{"line":218,"column":20}},"131":{"start":{"line":221,"column":8},"end":{"line":221,"column":59}},"132":{"start":{"line":224,"column":8},"end":{"line":224,"column":84}},"133":{"start":{"line":225,"column":8},"end":{"line":225,"column":34}},"134":{"start":{"line":226,"column":8},"end":{"line":226,"column":36}},"135":{"start":{"line":227,"column":8},"end":{"line":227,"column":39}},"136":{"start":{"line":228,"column":8},"end":{"line":228,"column":106}},"137":{"start":{"line":229,"column":8},"end":{"line":229,"column":128}},"138":{"start":{"line":230,"column":8},"end":{"line":230,"column":151}},"139":{"start":{"line":231,"column":8},"end":{"line":236,"column":9}},"140":{"start":{"line":232,"column":12},"end":{"line":232,"column":65}},"141":{"start":{"line":235,"column":12},"end":{"line":235,"column":63}},"142":{"start":{"line":237,"column":8},"end":{"line":242,"column":9}},"143":{"start":{"line":238,"column":12},"end":{"line":238,"column":67}},"144":{"start":{"line":241,"column":12},"end":{"line":241,"column":65}},"145":{"start":{"line":243,"column":8},"end":{"line":248,"column":9}},"146":{"start":{"line":244,"column":12},"end":{"line":244,"column":123}},"147":{"start":{"line":247,"column":12},"end":{"line":247,"column":121}},"148":{"start":{"line":249,"column":8},"end":{"line":249,"column":75}},"149":{"start":{"line":252,"column":8},"end":{"line":252,"column":35}},"150":{"start":{"line":255,"column":8},"end":{"line":255,"column":53}},"151":{"start":{"line":256,"column":8},"end":{"line":256,"column":41}},"152":{"start":{"line":257,"column":8},"end":{"line":257,"column":43}},"153":{"start":{"line":258,"column":8},"end":{"line":258,"column":45}},"154":{"start":{"line":261,"column":0},"end":{"line":264,"column":52}},"155":{"start":{"line":265,"column":0},"end":{"line":268,"column":56}},"156":{"start":{"line":269,"column":0},"end":{"line":272,"column":59}},"157":{"start":{"line":273,"column":0},"end":{"line":281,"column":20}},"158":{"start":{"line":282,"column":0},"end":{"line":282,"column":42}},"159":{"start":{"line":283,"column":0},"end":{"line":291,"column":1}},"160":{"start":{"line":284,"column":4},"end":{"line":284,"column":30}},"161":{"start":{"line":285,"column":4},"end":{"line":289,"column":5}},"162":{"start":{"line":286,"column":8},"end":{"line":288,"column":9}},"163":{"start":{"line":287,"column":12},"end":{"line":287,"column":40}},"164":{"start":{"line":290,"column":4},"end":{"line":290,"column":18}}},"branchMap":{"1":{"line":10,"type":"binary-expr","locations":[{"start":{"line":10,"column":18},"end":{"line":10,"column":22}},{"start":{"line":10,"column":26},"end":{"line":10,"column":41}},{"start":{"line":10,"column":46},"end":{"line":15,"column":1}}]},"2":{"line":11,"type":"cond-expr","locations":[{"start":{"line":11,"column":42},"end":{"line":11,"column":48}},{"start":{"line":11,"column":51},"end":{"line":11,"column":125}}]},"3":{"line":11,"type":"cond-expr","locations":[{"start":{"line":11,"column":67},"end":{"line":11,"column":118}},{"start":{"line":11,"column":121},"end":{"line":11,"column":125}}]},"4":{"line":12,"type":"if","locations":[{"start":{"line":12,"column":4},"end":{"line":12,"column":4}},{"start":{"line":12,"column":4},"end":{"line":12,"column":4}}]},"5":{"line":12,"type":"binary-expr","locations":[{"start":{"line":12,"column":8},"end":{"line":12,"column":35}},{"start":{"line":12,"column":39},"end":{"line":12,"column":77}}]},"6":{"line":13,"type":"if","locations":[{"start":{"line":13,"column":58},"end":{"line":13,"column":58}},{"start":{"line":13,"column":58},"end":{"line":13,"column":58}}]},"7":{"line":13,"type":"binary-expr","locations":[{"start":{"line":13,"column":86},"end":{"line":13,"column":143}},{"start":{"line":13,"column":148},"end":{"line":13,"column":149}}]},"8":{"line":13,"type":"cond-expr","locations":[{"start":{"line":13,"column":94},"end":{"line":13,"column":98}},{"start":{"line":13,"column":101},"end":{"line":13,"column":143}}]},"9":{"line":13,"type":"cond-expr","locations":[{"start":{"line":13,"column":109},"end":{"line":13,"column":126}},{"start":{"line":13,"column":129},"end":{"line":13,"column":143}}]},"10":{"line":14,"type":"binary-expr","locations":[{"start":{"line":14,"column":11},"end":{"line":14,"column":16}},{"start":{"line":14,"column":20},"end":{"line":14,"column":21}},{"start":{"line":14,"column":25},"end":{"line":14,"column":62}}]},"11":{"line":16,"type":"binary-expr","locations":[{"start":{"line":16,"column":18},"end":{"line":16,"column":22}},{"start":{"line":16,"column":26},"end":{"line":16,"column":41}},{"start":{"line":16,"column":46},"end":{"line":18,"column":1}}]},"12":{"line":17,"type":"if","locations":[{"start":{"line":17,"column":4},"end":{"line":17,"column":4}},{"start":{"line":17,"column":4},"end":{"line":17,"column":4}}]},"13":{"line":17,"type":"binary-expr","locations":[{"start":{"line":17,"column":8},"end":{"line":17,"column":35}},{"start":{"line":17,"column":39},"end":{"line":17,"column":77}}]},"14":{"line":87,"type":"switch","locations":[{"start":{"line":88,"column":12},"end":{"line":91,"column":22}},{"start":{"line":92,"column":12},"end":{"line":94,"column":22}},{"start":{"line":95,"column":12},"end":{"line":97,"column":22}},{"start":{"line":98,"column":12},"end":{"line":100,"column":22}},{"start":{"line":101,"column":12},"end":{"line":103,"column":22}}]},"15":{"line":108,"type":"if","locations":[{"start":{"line":108,"column":8},"end":{"line":108,"column":8}},{"start":{"line":108,"column":8},"end":{"line":108,"column":8}}]},"16":{"line":115,"type":"if","locations":[{"start":{"line":115,"column":8},"end":{"line":115,"column":8}},{"start":{"line":115,"column":8},"end":{"line":115,"column":8}}]},"17":{"line":127,"type":"if","locations":[{"start":{"line":127,"column":8},"end":{"line":127,"column":8}},{"start":{"line":127,"column":8},"end":{"line":127,"column":8}}]},"18":{"line":139,"type":"if","locations":[{"start":{"line":139,"column":8},"end":{"line":139,"column":8}},{"start":{"line":139,"column":8},"end":{"line":139,"column":8}}]},"19":{"line":151,"type":"if","locations":[{"start":{"line":151,"column":8},"end":{"line":151,"column":8}},{"start":{"line":151,"column":8},"end":{"line":151,"column":8}}]},"20":{"line":161,"type":"if","locations":[{"start":{"line":161,"column":8},"end":{"line":161,"column":8}},{"start":{"line":161,"column":8},"end":{"line":161,"column":8}}]},"21":{"line":161,"type":"binary-expr","locations":[{"start":{"line":161,"column":12},"end":{"line":161,"column":25}},{"start":{"line":161,"column":29},"end":{"line":161,"column":42}},{"start":{"line":161,"column":46},"end":{"line":161,"column":115}}]},"22":{"line":164,"type":"binary-expr","locations":[{"start":{"line":164,"column":41},"end":{"line":164,"column":62}},{"start":{"line":164,"column":66},"end":{"line":164,"column":89}}]},"23":{"line":165,"type":"if","locations":[{"start":{"line":165,"column":12},"end":{"line":165,"column":12}},{"start":{"line":165,"column":12},"end":{"line":165,"column":12}}]},"24":{"line":173,"type":"if","locations":[{"start":{"line":173,"column":12},"end":{"line":173,"column":12}},{"start":{"line":173,"column":12},"end":{"line":173,"column":12}}]},"25":{"line":191,"type":"if","locations":[{"start":{"line":191,"column":12},"end":{"line":191,"column":12}},{"start":{"line":191,"column":12},"end":{"line":191,"column":12}}]},"26":{"line":231,"type":"if","locations":[{"start":{"line":231,"column":8},"end":{"line":231,"column":8}},{"start":{"line":231,"column":8},"end":{"line":231,"column":8}}]},"27":{"line":237,"type":"if","locations":[{"start":{"line":237,"column":8},"end":{"line":237,"column":8}},{"start":{"line":237,"column":8},"end":{"line":237,"column":8}}]},"28":{"line":243,"type":"if","locations":[{"start":{"line":243,"column":8},"end":{"line":243,"column":8}},{"start":{"line":243,"column":8},"end":{"line":243,"column":8}}]},"29":{"line":249,"type":"binary-expr","locations":[{"start":{"line":249,"column":16},"end":{"line":249,"column":30}},{"start":{"line":249,"column":34},"end":{"line":249,"column":50}},{"start":{"line":249,"column":54},"end":{"line":249,"column":73}}]},"30":{"line":286,"type":"if","locations":[{"start":{"line":286,"column":8},"end":{"line":286,"column":8}},{"start":{"line":286,"column":8},"end":{"line":286,"column":8}}]}},"l":{"10":1,"11":4,"12":4,"13":0,"14":4,"16":1,"17":4,"22":1,"23":1,"24":1,"25":1,"26":1,"27":1,"28":1,"29":1,"30":1,"31":1,"32":1,"33":1,"35":4,"36":4,"37":4,"38":4,"39":4,"40":4,"41":4,"42":4,"45":4,"48":4,"49":4,"50":0,"51":0,"53":4,"54":4,"55":4,"58":4,"59":4,"63":4,"64":4,"65":4,"66":4,"67":4,"71":0,"72":0,"73":0,"74":0,"75":0,"76":0,"77":0,"80":0,"81":0,"87":0,"89":0,"90":0,"91":0,"93":0,"94":0,"96":0,"97":0,"99":0,"100":0,"102":0,"103":0,"108":0,"109":0,"113":0,"114":0,"115":0,"116":0,"119":0,"121":0,"122":0,"125":0,"126":0,"127":0,"128":0,"131":0,"133":0,"134":0,"137":0,"138":0,"139":0,"140":0,"143":0,"145":0,"146":0,"149":0,"150":0,"151":0,"152":0,"155":0,"157":0,"158":0,"161":0,"163":0,"164":0,"165":0,"166":0,"171":0,"172":0,"173":0,"174":0,"177":0,"180":0,"183":0,"184":0,"189":0,"190":0,"191":0,"192":0,"193":0,"199":0,"200":0,"201":0,"203":0,"206":0,"207":0,"208":0,"209":0,"210":0,"211":0,"212":0,"213":0,"214":0,"215":0,"218":0,"221":1134,"224":0,"225":0,"226":0,"227":0,"228":0,"229":0,"230":0,"231":0,"232":0,"235":0,"237":0,"238":0,"241":0,"243":0,"244":0,"247":0,"249":0,"252":0,"255":0,"256":0,"257":0,"258":0,"261":1,"265":1,"269":1,"273":1,"282":1,"283":2,"284":40,"285":40,"286":360,"287":36,"290":40}},
"C:\\Users\\charbel pc\\inf2990-13\\Sudoku\\client\\out\\grille\\mock.grille.js":{"path":"C:\\Users\\charbel pc\\inf2990-13\\Sudoku\\client\\out\\grille\\mock.grille.js","s":{"1":0,"2":0,"3":0},"b":{},"f":{},"fnMap":{},"statementMap":{"1":{"start":{"line":2,"column":0},"end":{"line":12,"column":2}},"2":{"start":{"line":13,"column":0},"end":{"line":23,"column":2}},"3":{"start":{"line":24,"column":0},"end":{"line":34,"column":2}}},"branchMap":{},"l":{"2":0,"13":0,"24":0}},
"C:\\Users\\charbel pc\\inf2990-13\\Sudoku\\client\\out\\grille\\grille.verificateurSudoku.js":{"path":"C:\\Users\\charbel pc\\inf2990-13\\Sudoku\\client\\out\\grille\\grille.verificateurSudoku.js","s":{"1":1,"2":0,"3":0,"4":0,"5":0,"6":0,"7":0,"8":0,"9":1},"b":{"1":[0,0],"2":[0,0]},"f":{"1":0},"fnMap":{"1":{"name":"(anonymous_1)","line":4,"loc":{"start":{"line":4,"column":22},"end":{"line":4,"column":29}}}},"statementMap":{"1":{"start":{"line":2,"column":0},"end":{"line":2,"column":21}},"2":{"start":{"line":5,"column":8},"end":{"line":5,"column":54}},"3":{"start":{"line":6,"column":8},"end":{"line":15,"column":9}},"4":{"start":{"line":7,"column":12},"end":{"line":14,"column":13}},"5":{"start":{"line":8,"column":16},"end":{"line":13,"column":17}},"6":{"start":{"line":9,"column":20},"end":{"line":9,"column":72}},"7":{"start":{"line":12,"column":20},"end":{"line":12,"column":33}},"8":{"start":{"line":16,"column":8},"end":{"line":16,"column":20}},"9":{"start":{"line":19,"column":0},"end":{"line":19,"column":48}}},"branchMap":{"1":{"line":7,"type":"if","locations":[{"start":{"line":7,"column":12},"end":{"line":7,"column":12}},{"start":{"line":7,"column":12},"end":{"line":7,"column":12}}]},"2":{"line":8,"type":"if","locations":[{"start":{"line":8,"column":16},"end":{"line":8,"column":16}},{"start":{"line":8,"column":16},"end":{"line":8,"column":16}}]}},"l":{"2":1,"5":0,"6":0,"7":0,"8":0,"9":0,"12":0,"16":0,"19":1}},
"C:\\Users\\charbel pc\\inf2990-13\\Sudoku\\client\\out\\main.js":{"path":"C:\\Users\\charbel pc\\inf2990-13\\Sudoku\\client\\out\\main.js","s":{"1":0,"2":0,"3":0},"b":{},"f":{},"fnMap":{},"statementMap":{"1":{"start":{"line":2,"column":0},"end":{"line":2,"column":80}},"2":{"start":{"line":3,"column":0},"end":{"line":3,"column":45}},"3":{"start":{"line":4,"column":0},"end":{"line":4,"column":92}}},"branchMap":{},"l":{"2":0,"3":0,"4":0}},
"C:\\Users\\charbel pc\\inf2990-13\\Sudoku\\client\\out\\panneau\\panneau.component.js":{"path":"C:\\Users\\charbel pc\\inf2990-13\\Sudoku\\client\\out\\panneau\\panneau.component.js","s":{"1":0,"2":0,"3":0,"4":0,"5":0,"6":0,"7":0,"8":0,"9":0,"10":0,"11":0,"12":0,"13":0,"14":0,"15":0,"16":0},"b":{"1":[0,0,0],"2":[0,0],"3":[0,0],"4":[0,0],"5":[0,0],"6":[0,0],"7":[0,0],"8":[0,0],"9":[0,0],"10":[0,0,0],"11":[0,0,0],"12":[0,0],"13":[0,0]},"f":{"1":0,"2":0},"fnMap":{"1":{"name":"(anonymous_1)","line":4,"loc":{"start":{"line":4,"column":46},"end":{"line":4,"column":87}}},"2":{"name":"(anonymous_2)","line":10,"loc":{"start":{"line":10,"column":46},"end":{"line":10,"column":62}}}},"statementMap":{"1":{"start":{"line":4,"column":0},"end":{"line":9,"column":2}},"2":{"start":{"line":5,"column":4},"end":{"line":5,"column":129}},"3":{"start":{"line":6,"column":4},"end":{"line":7,"column":150}},"4":{"start":{"line":6,"column":79},"end":{"line":6,"column":131}},"5":{"start":{"line":7,"column":9},"end":{"line":7,"column":150}},"6":{"start":{"line":7,"column":58},"end":{"line":7,"column":150}},"7":{"start":{"line":7,"column":81},"end":{"line":7,"column":150}},"8":{"start":{"line":8,"column":4},"end":{"line":8,"column":66}},"9":{"start":{"line":10,"column":0},"end":{"line":12,"column":2}},"10":{"start":{"line":11,"column":4},"end":{"line":11,"column":109}},"11":{"start":{"line":11,"column":79},"end":{"line":11,"column":109}},"12":{"start":{"line":13,"column":0},"end":{"line":13,"column":40}},"13":{"start":{"line":14,"column":0},"end":{"line":15,"column":2}},"14":{"start":{"line":16,"column":0},"end":{"line":19,"column":53}},"15":{"start":{"line":20,"column":0},"end":{"line":33,"column":21}},"16":{"start":{"line":34,"column":0},"end":{"line":34,"column":44}}},"branchMap":{"1":{"line":4,"type":"binary-expr","locations":[{"start":{"line":4,"column":18},"end":{"line":4,"column":22}},{"start":{"line":4,"column":26},"end":{"line":4,"column":41}},{"start":{"line":4,"column":46},"end":{"line":9,"column":1}}]},"2":{"line":5,"type":"cond-expr","locations":[{"start":{"line":5,"column":42},"end":{"line":5,"column":48}},{"start":{"line":5,"column":51},"end":{"line":5,"column":125}}]},"3":{"line":5,"type":"cond-expr","locations":[{"start":{"line":5,"column":67},"end":{"line":5,"column":118}},{"start":{"line":5,"column":121},"end":{"line":5,"column":125}}]},"4":{"line":6,"type":"if","locations":[{"start":{"line":6,"column":4},"end":{"line":6,"column":4}},{"start":{"line":6,"column":4},"end":{"line":6,"column":4}}]},"5":{"line":6,"type":"binary-expr","locations":[{"start":{"line":6,"column":8},"end":{"line":6,"column":35}},{"start":{"line":6,"column":39},"end":{"line":6,"column":77}}]},"6":{"line":7,"type":"if","locations":[{"start":{"line":7,"column":58},"end":{"line":7,"column":58}},{"start":{"line":7,"column":58},"end":{"line":7,"column":58}}]},"7":{"line":7,"type":"binary-expr","locations":[{"start":{"line":7,"column":86},"end":{"line":7,"column":143}},{"start":{"line":7,"column":148},"end":{"line":7,"column":149}}]},"8":{"line":7,"type":"cond-expr","locations":[{"start":{"line":7,"column":94},"end":{"line":7,"column":98}},{"start":{"line":7,"column":101},"end":{"line":7,"column":143}}]},"9":{"line":7,"type":"cond-expr","locations":[{"start":{"line":7,"column":109},"end":{"line":7,"column":126}},{"start":{"line":7,"column":129},"end":{"line":7,"column":143}}]},"10":{"line":8,"type":"binary-expr","locations":[{"start":{"line":8,"column":11},"end":{"line":8,"column":16}},{"start":{"line":8,"column":20},"end":{"line":8,"column":21}},{"start":{"line":8,"column":25},"end":{"line":8,"column":62}}]},"11":{"line":10,"type":"binary-expr","locations":[{"start":{"line":10,"column":18},"end":{"line":10,"column":22}},{"start":{"line":10,"column":26},"end":{"line":10,"column":41}},{"start":{"line":10,"column":46},"end":{"line":12,"column":1}}]},"12":{"line":11,"type":"if","locations":[{"start":{"line":11,"column":4},"end":{"line":11,"column":4}},{"start":{"line":11,"column":4},"end":{"line":11,"column":4}}]},"13":{"line":11,"type":"binary-expr","locations":[{"start":{"line":11,"column":8},"end":{"line":11,"column":35}},{"start":{"line":11,"column":39},"end":{"line":11,"column":77}}]}},"l":{"4":0,"5":0,"6":0,"7":0,"8":0,"10":0,"11":0,"13":0,"14":0,"16":0,"20":0,"34":0}},
"C:\\Users\\charbel pc\\inf2990-13\\Sudoku\\client\\out\\scores\\mock-scores.js":{"path":"C:\\Users\\charbel pc\\inf2990-13\\Sudoku\\client\\out\\scores\\mock-scores.js","s":{"1":0,"2":0,"3":0,"4":0,"5":0,"6":0,"7":0,"8":0,"9":0,"10":0,"11":0},"b":{},"f":{},"fnMap":{},"statementMap":{"1":{"start":{"line":2,"column":0},"end":{"line":2,"column":40}},"2":{"start":{"line":3,"column":0},"end":{"line":3,"column":24}},"3":{"start":{"line":4,"column":0},"end":{"line":4,"column":26}},"4":{"start":{"line":5,"column":0},"end":{"line":5,"column":44}},"5":{"start":{"line":6,"column":0},"end":{"line":6,"column":44}},"6":{"start":{"line":7,"column":0},"end":{"line":7,"column":42}},"7":{"start":{"line":8,"column":0},"end":{"line":8,"column":27}},"8":{"start":{"line":9,"column":0},"end":{"line":9,"column":27}},"9":{"start":{"line":10,"column":0},"end":{"line":10,"column":25}},"10":{"start":{"line":11,"column":0},"end":{"line":15,"column":2}},"11":{"start":{"line":16,"column":0},"end":{"line":20,"column":2}}},"branchMap":{},"l":{"2":0,"3":0,"4":0,"5":0,"6":0,"7":0,"8":0,"9":0,"10":0,"11":0,"16":0}},
"C:\\Users\\charbel pc\\inf2990-13\\Sudoku\\client\\out\\scores\\score.js":{"path":"C:\\Users\\charbel pc\\inf2990-13\\Sudoku\\client\\out\\scores\\score.js","s":{"1":1},"b":{},"f":{},"fnMap":{},"statementMap":{"1":{"start":{"line":4,"column":0},"end":{"line":4,"column":22}}},"branchMap":{},"l":{"4":1}},
"C:\\Users\\charbel pc\\inf2990-13\\Sudoku\\client\\out\\scores\\meilleurs-scores.component.js":{"path":"C:\\Users\\charbel pc\\inf2990-13\\Sudoku\\client\\out\\scores\\meilleurs-scores.component.js","s":{"1":0,"2":0,"3":0,"4":0,"5":0,"6":0,"7":0,"8":0,"9":0,"10":0,"11":0,"12":0,"13":0,"14":0,"15":0,"16":0,"17":0,"18":0,"19":0,"20":0,"21":0,"22":0,"23":0,"24":0,"25":0,"26":0,"27":0,"28":0,"29":0,"30":0,"31":0,"32":0,"33":0,"34":0,"35":0,"36":0,"37":0,"38":0,"39":0,"40":0},"b":{"1":[0,0,0],"2":[0,0],"3":[0,0],"4":[0,0],"5":[0,0],"6":[0,0],"7":[0,0],"8":[0,0],"9":[0,0],"10":[0,0,0],"11":[0,0,0],"12":[0,0],"13":[0,0],"14":[0,0],"15":[0,0],"16":[0,0]},"f":{"1":0,"2":0,"3":0,"4":0,"5":0,"6":0,"7":0,"8":0,"9":0,"10":0,"11":0,"12":0,"13":0},"fnMap":{"1":{"name":"(anonymous_1)","line":2,"loc":{"start":{"line":2,"column":46},"end":{"line":2,"column":87}}},"2":{"name":"(anonymous_2)","line":8,"loc":{"start":{"line":8,"column":46},"end":{"line":8,"column":62}}},"3":{"name":"(anonymous_3)","line":15,"loc":{"start":{"line":15,"column":15},"end":{"line":15,"column":30}}},"4":{"name":"(anonymous_4)","line":18,"loc":{"start":{"line":18,"column":19},"end":{"line":18,"column":22}}},"5":{"name":"(anonymous_5)","line":21,"loc":{"start":{"line":21,"column":19},"end":{"line":21,"column":34}}},"6":{"name":"(anonymous_6)","line":24,"loc":{"start":{"line":24,"column":22},"end":{"line":24,"column":25}}},"7":{"name":"(anonymous_7)","line":27,"loc":{"start":{"line":27,"column":22},"end":{"line":27,"column":40}}},"8":{"name":"(anonymous_8)","line":30,"loc":{"start":{"line":30,"column":19},"end":{"line":30,"column":22}}},"9":{"name":"(anonymous_9)","line":33,"loc":{"start":{"line":33,"column":19},"end":{"line":33,"column":34}}},"10":{"name":"(anonymous_10)","line":36,"loc":{"start":{"line":36,"column":13},"end":{"line":36,"column":16}}},"11":{"name":"(anonymous_11)","line":41,"loc":{"start":{"line":41,"column":21},"end":{"line":41,"column":37}}},"12":{"name":"(anonymous_12)","line":52,"loc":{"start":{"line":52,"column":18},"end":{"line":52,"column":21}}},"13":{"name":"(anonymous_13)","line":56,"loc":{"start":{"line":56,"column":12},"end":{"line":56,"column":15}}}},"statementMap":{"1":{"start":{"line":2,"column":0},"end":{"line":7,"column":2}},"2":{"start":{"line":3,"column":4},"end":{"line":3,"column":129}},"3":{"start":{"line":4,"column":4},"end":{"line":5,"column":150}},"4":{"start":{"line":4,"column":79},"end":{"line":4,"column":131}},"5":{"start":{"line":5,"column":9},"end":{"line":5,"column":150}},"6":{"start":{"line":5,"column":58},"end":{"line":5,"column":150}},"7":{"start":{"line":5,"column":81},"end":{"line":5,"column":150}},"8":{"start":{"line":6,"column":4},"end":{"line":6,"column":66}},"9":{"start":{"line":8,"column":0},"end":{"line":10,"column":2}},"10":{"start":{"line":9,"column":4},"end":{"line":9,"column":109}},"11":{"start":{"line":9,"column":79},"end":{"line":9,"column":109}},"12":{"start":{"line":11,"column":0},"end":{"line":11,"column":40}},"13":{"start":{"line":12,"column":0},"end":{"line":12,"column":35}},"14":{"start":{"line":13,"column":0},"end":{"line":13,"column":53}},"15":{"start":{"line":14,"column":0},"end":{"line":66,"column":2}},"16":{"start":{"line":16,"column":8},"end":{"line":16,"column":41}},"17":{"start":{"line":19,"column":8},"end":{"line":19,"column":33}},"18":{"start":{"line":22,"column":8},"end":{"line":22,"column":41}},"19":{"start":{"line":25,"column":8},"end":{"line":25,"column":36}},"20":{"start":{"line":28,"column":8},"end":{"line":28,"column":47}},"21":{"start":{"line":31,"column":8},"end":{"line":31,"column":33}},"22":{"start":{"line":34,"column":8},"end":{"line":34,"column":41}},"23":{"start":{"line":37,"column":8},"end":{"line":37,"column":64}},"24":{"start":{"line":38,"column":8},"end":{"line":38,"column":70}},"25":{"start":{"line":42,"column":8},"end":{"line":42,"column":44}},"26":{"start":{"line":43,"column":8},"end":{"line":45,"column":9}},"27":{"start":{"line":44,"column":12},"end":{"line":44,"column":23}},"28":{"start":{"line":46,"column":8},"end":{"line":46,"column":71}},"29":{"start":{"line":47,"column":8},"end":{"line":50,"column":9}},"30":{"start":{"line":48,"column":12},"end":{"line":48,"column":65}},"31":{"start":{"line":49,"column":12},"end":{"line":49,"column":32}},"32":{"start":{"line":57,"column":8},"end":{"line":57,"column":25}},"33":{"start":{"line":58,"column":8},"end":{"line":63,"column":9}},"34":{"start":{"line":59,"column":12},"end":{"line":59,"column":57}},"35":{"start":{"line":62,"column":12},"end":{"line":62,"column":54}},"36":{"start":{"line":64,"column":8},"end":{"line":64,"column":30}},"37":{"start":{"line":67,"column":0},"end":{"line":70,"column":63}},"38":{"start":{"line":71,"column":0},"end":{"line":74,"column":70}},"39":{"start":{"line":75,"column":0},"end":{"line":119,"column":29}},"40":{"start":{"line":120,"column":0},"end":{"line":120,"column":60}}},"branchMap":{"1":{"line":2,"type":"binary-expr","locations":[{"start":{"line":2,"column":18},"end":{"line":2,"column":22}},{"start":{"line":2,"column":26},"end":{"line":2,"column":41}},{"start":{"line":2,"column":46},"end":{"line":7,"column":1}}]},"2":{"line":3,"type":"cond-expr","locations":[{"start":{"line":3,"column":42},"end":{"line":3,"column":48}},{"start":{"line":3,"column":51},"end":{"line":3,"column":125}}]},"3":{"line":3,"type":"cond-expr","locations":[{"start":{"line":3,"column":67},"end":{"line":3,"column":118}},{"start":{"line":3,"column":121},"end":{"line":3,"column":125}}]},"4":{"line":4,"type":"if","locations":[{"start":{"line":4,"column":4},"end":{"line":4,"column":4}},{"start":{"line":4,"column":4},"end":{"line":4,"column":4}}]},"5":{"line":4,"type":"binary-expr","locations":[{"start":{"line":4,"column":8},"end":{"line":4,"column":35}},{"start":{"line":4,"column":39},"end":{"line":4,"column":77}}]},"6":{"line":5,"type":"if","locations":[{"start":{"line":5,"column":58},"end":{"line":5,"column":58}},{"start":{"line":5,"column":58},"end":{"line":5,"column":58}}]},"7":{"line":5,"type":"binary-expr","locations":[{"start":{"line":5,"column":86},"end":{"line":5,"column":143}},{"start":{"line":5,"column":148},"end":{"line":5,"column":149}}]},"8":{"line":5,"type":"cond-expr","locations":[{"start":{"line":5,"column":94},"end":{"line":5,"column":98}},{"start":{"line":5,"column":101},"end":{"line":5,"column":143}}]},"9":{"line":5,"type":"cond-expr","locations":[{"start":{"line":5,"column":109},"end":{"line":5,"column":126}},{"start":{"line":5,"column":129},"end":{"line":5,"column":143}}]},"10":{"line":6,"type":"binary-expr","locations":[{"start":{"line":6,"column":11},"end":{"line":6,"column":16}},{"start":{"line":6,"column":20},"end":{"line":6,"column":21}},{"start":{"line":6,"column":25},"end":{"line":6,"column":62}}]},"11":{"line":8,"type":"binary-expr","locations":[{"start":{"line":8,"column":18},"end":{"line":8,"column":22}},{"start":{"line":8,"column":26},"end":{"line":8,"column":41}},{"start":{"line":8,"column":46},"end":{"line":10,"column":1}}]},"12":{"line":9,"type":"if","locations":[{"start":{"line":9,"column":4},"end":{"line":9,"column":4}},{"start":{"line":9,"column":4},"end":{"line":9,"column":4}}]},"13":{"line":9,"type":"binary-expr","locations":[{"start":{"line":9,"column":8},"end":{"line":9,"column":35}},{"start":{"line":9,"column":39},"end":{"line":9,"column":77}}]},"14":{"line":43,"type":"binary-expr","locations":[{"start":{"line":43,"column":15},"end":{"line":43,"column":28}},{"start":{"line":43,"column":32},"end":{"line":43,"column":113}}]},"15":{"line":47,"type":"if","locations":[{"start":{"line":47,"column":8},"end":{"line":47,"column":8}},{"start":{"line":47,"column":8},"end":{"line":47,"column":8}}]},"16":{"line":58,"type":"if","locations":[{"start":{"line":58,"column":8},"end":{"line":58,"column":8}},{"start":{"line":58,"column":8},"end":{"line":58,"column":8}}]}},"l":{"2":0,"3":0,"4":0,"5":0,"6":0,"8":0,"9":0,"11":0,"12":0,"13":0,"14":0,"16":0,"19":0,"22":0,"25":0,"28":0,"31":0,"34":0,"37":0,"38":0,"42":0,"43":0,"44":0,"46":0,"47":0,"48":0,"49":0,"57":0,"58":0,"59":0,"62":0,"64":0,"67":0,"71":0,"75":0,"120":0}},
"C:\\Users\\charbel pc\\inf2990-13\\Sudoku\\client\\out\\scores\\scores.service.js":{"path":"C:\\Users\\charbel pc\\inf2990-13\\Sudoku\\client\\out\\scores\\scores.service.js","s":{"1":0,"2":0,"3":0,"4":0,"5":0,"6":0,"7":0,"8":0,"9":0,"10":0,"11":0,"12":0,"13":0,"14":0,"15":0,"16":0,"17":0,"18":0,"19":0},"b":{"1":[0,0,0],"2":[0,0],"3":[0,0],"4":[0,0],"5":[0,0],"6":[0,0],"7":[0,0],"8":[0,0],"9":[0,0],"10":[0,0,0],"11":[0,0,0],"12":[0,0],"13":[0,0]},"f":{"1":0,"2":0,"3":0,"4":0},"fnMap":{"1":{"name":"(anonymous_1)","line":2,"loc":{"start":{"line":2,"column":46},"end":{"line":2,"column":87}}},"2":{"name":"(anonymous_2)","line":8,"loc":{"start":{"line":8,"column":46},"end":{"line":8,"column":62}}},"3":{"name":"(anonymous_3)","line":15,"loc":{"start":{"line":15,"column":19},"end":{"line":15,"column":22}}},"4":{"name":"(anonymous_4)","line":18,"loc":{"start":{"line":18,"column":22},"end":{"line":18,"column":25}}}},"statementMap":{"1":{"start":{"line":2,"column":0},"end":{"line":7,"column":2}},"2":{"start":{"line":3,"column":4},"end":{"line":3,"column":129}},"3":{"start":{"line":4,"column":4},"end":{"line":5,"column":150}},"4":{"start":{"line":4,"column":79},"end":{"line":4,"column":131}},"5":{"start":{"line":5,"column":9},"end":{"line":5,"column":150}},"6":{"start":{"line":5,"column":58},"end":{"line":5,"column":150}},"7":{"start":{"line":5,"column":81},"end":{"line":5,"column":150}},"8":{"start":{"line":6,"column":4},"end":{"line":6,"column":66}},"9":{"start":{"line":8,"column":0},"end":{"line":10,"column":2}},"10":{"start":{"line":9,"column":4},"end":{"line":9,"column":109}},"11":{"start":{"line":9,"column":79},"end":{"line":9,"column":109}},"12":{"start":{"line":11,"column":0},"end":{"line":11,"column":40}},"13":{"start":{"line":12,"column":0},"end":{"line":12,"column":47}},"14":{"start":{"line":13,"column":0},"end":{"line":13,"column":47}},"15":{"start":{"line":14,"column":0},"end":{"line":21,"column":2}},"16":{"start":{"line":16,"column":8},"end":{"line":16,"column":47}},"17":{"start":{"line":19,"column":8},"end":{"line":19,"column":50}},"18":{"start":{"line":22,"column":0},"end":{"line":25,"column":17}},"19":{"start":{"line":26,"column":0},"end":{"line":26,"column":36}}},"branchMap":{"1":{"line":2,"type":"binary-expr","locations":[{"start":{"line":2,"column":18},"end":{"line":2,"column":22}},{"start":{"line":2,"column":26},"end":{"line":2,"column":41}},{"start":{"line":2,"column":46},"end":{"line":7,"column":1}}]},"2":{"line":3,"type":"cond-expr","locations":[{"start":{"line":3,"column":42},"end":{"line":3,"column":48}},{"start":{"line":3,"column":51},"end":{"line":3,"column":125}}]},"3":{"line":3,"type":"cond-expr","locations":[{"start":{"line":3,"column":67},"end":{"line":3,"column":118}},{"start":{"line":3,"column":121},"end":{"line":3,"column":125}}]},"4":{"line":4,"type":"if","locations":[{"start":{"line":4,"column":4},"end":{"line":4,"column":4}},{"start":{"line":4,"column":4},"end":{"line":4,"column":4}}]},"5":{"line":4,"type":"binary-expr","locations":[{"start":{"line":4,"column":8},"end":{"line":4,"column":35}},{"start":{"line":4,"column":39},"end":{"line":4,"column":77}}]},"6":{"line":5,"type":"if","locations":[{"start":{"line":5,"column":58},"end":{"line":5,"column":58}},{"start":{"line":5,"column":58},"end":{"line":5,"column":58}}]},"7":{"line":5,"type":"binary-expr","locations":[{"start":{"line":5,"column":86},"end":{"line":5,"column":143}},{"start":{"line":5,"column":148},"end":{"line":5,"column":149}}]},"8":{"line":5,"type":"cond-expr","locations":[{"start":{"line":5,"column":94},"end":{"line":5,"column":98}},{"start":{"line":5,"column":101},"end":{"line":5,"column":143}}]},"9":{"line":5,"type":"cond-expr","locations":[{"start":{"line":5,"column":109},"end":{"line":5,"column":126}},{"start":{"line":5,"column":129},"end":{"line":5,"column":143}}]},"10":{"line":6,"type":"binary-expr","locations":[{"start":{"line":6,"column":11},"end":{"line":6,"column":16}},{"start":{"line":6,"column":20},"end":{"line":6,"column":21}},{"start":{"line":6,"column":25},"end":{"line":6,"column":62}}]},"11":{"line":8,"type":"binary-expr","locations":[{"start":{"line":8,"column":18},"end":{"line":8,"column":22}},{"start":{"line":8,"column":26},"end":{"line":8,"column":41}},{"start":{"line":8,"column":46},"end":{"line":10,"column":1}}]},"12":{"line":9,"type":"if","locations":[{"start":{"line":9,"column":4},"end":{"line":9,"column":4}},{"start":{"line":9,"column":4},"end":{"line":9,"column":4}}]},"13":{"line":9,"type":"binary-expr","locations":[{"start":{"line":9,"column":8},"end":{"line":9,"column":35}},{"start":{"line":9,"column":39},"end":{"line":9,"column":77}}]}},"l":{"2":0,"3":0,"4":0,"5":0,"6":0,"8":0,"9":0,"11":0,"12":0,"13":0,"14":0,"16":0,"19":0,"22":0,"26":0}},
"C:\\Users\\charbel pc\\inf2990-13\\Sudoku\\client\\out\\scores\\simulation-fin-partie.component.js":{"path":"C:\\Users\\charbel pc\\inf2990-13\\Sudoku\\client\\out\\scores\\simulation-fin-partie.component.js","s":{},"b":{},"f":{},"fnMap":{},"statementMap":{},"branchMap":{},"l":{}},
"C:\\Users\\charbel pc\\inf2990-13\\Sudoku\\client\\out\\sprint1.sudoku.component.js":{"path":"C:\\Users\\charbel pc\\inf2990-13\\Sudoku\\client\\out\\sprint1.sudoku.component.js","s":{"1":0,"2":0,"3":0,"4":0,"5":0,"6":0,"7":0,"8":0,"9":0,"10":0,"11":0,"12":0,"13":0,"14":0,"15":0,"16":0,"17":0,"18":0,"19":0,"20":0,"21":0,"22":0,"23":0,"24":0,"25":0,"26":0,"27":0,"28":0,"29":0,"30":0,"31":0,"32":0,"33":0,"34":0,"35":0,"36":0,"37":0,"38":0,"39":0,"40":0},"b":{"1":[0,0,0],"2":[0,0],"3":[0,0],"4":[0,0],"5":[0,0],"6":[0,0],"7":[0,0],"8":[0,0],"9":[0,0],"10":[0,0,0],"11":[0,0,0],"12":[0,0],"13":[0,0],"14":[0,0],"15":[0,0]},"f":{"1":0,"2":0,"3":0,"4":0,"5":0,"6":0},"fnMap":{"1":{"name":"(anonymous_1)","line":2,"loc":{"start":{"line":2,"column":46},"end":{"line":2,"column":87}}},"2":{"name":"(anonymous_2)","line":8,"loc":{"start":{"line":8,"column":46},"end":{"line":8,"column":62}}},"3":{"name":"(anonymous_3)","line":17,"loc":{"start":{"line":17,"column":15},"end":{"line":17,"column":18}}},"4":{"name":"(anonymous_4)","line":23,"loc":{"start":{"line":23,"column":13},"end":{"line":23,"column":19}}},"5":{"name":"(anonymous_5)","line":28,"loc":{"start":{"line":28,"column":18},"end":{"line":28,"column":21}}},"6":{"name":"(anonymous_6)","line":33,"loc":{"start":{"line":33,"column":18},"end":{"line":33,"column":21}}}},"statementMap":{"1":{"start":{"line":2,"column":0},"end":{"line":7,"column":2}},"2":{"start":{"line":3,"column":4},"end":{"line":3,"column":129}},"3":{"start":{"line":4,"column":4},"end":{"line":5,"column":150}},"4":{"start":{"line":4,"column":79},"end":{"line":4,"column":131}},"5":{"start":{"line":5,"column":9},"end":{"line":5,"column":150}},"6":{"start":{"line":5,"column":58},"end":{"line":5,"column":150}},"7":{"start":{"line":5,"column":81},"end":{"line":5,"column":150}},"8":{"start":{"line":6,"column":4},"end":{"line":6,"column":66}},"9":{"start":{"line":8,"column":0},"end":{"line":10,"column":2}},"10":{"start":{"line":9,"column":4},"end":{"line":9,"column":109}},"11":{"start":{"line":9,"column":79},"end":{"line":9,"column":109}},"12":{"start":{"line":11,"column":0},"end":{"line":11,"column":40}},"13":{"start":{"line":12,"column":0},"end":{"line":12,"column":40}},"14":{"start":{"line":13,"column":0},"end":{"line":13,"column":42}},"15":{"start":{"line":14,"column":0},"end":{"line":14,"column":39}},"16":{"start":{"line":15,"column":0},"end":{"line":15,"column":61}},"17":{"start":{"line":16,"column":0},"end":{"line":47,"column":2}},"18":{"start":{"line":18,"column":8},"end":{"line":18,"column":36}},"19":{"start":{"line":19,"column":8},"end":{"line":19,"column":38}},"20":{"start":{"line":20,"column":8},"end":{"line":20,"column":40}},"21":{"start":{"line":21,"column":8},"end":{"line":21,"column":47}},"22":{"start":{"line":24,"column":8},"end":{"line":24,"column":37}},"23":{"start":{"line":25,"column":8},"end":{"line":25,"column":40}},"24":{"start":{"line":26,"column":8},"end":{"line":26,"column":30}},"25":{"start":{"line":29,"column":8},"end":{"line":29,"column":28}},"26":{"start":{"line":30,"column":8},"end":{"line":30,"column":36}},"27":{"start":{"line":31,"column":8},"end":{"line":31,"column":28}},"28":{"start":{"line":34,"column":8},"end":{"line":34,"column":38}},"29":{"start":{"line":35,"column":8},"end":{"line":35,"column":27}},"30":{"start":{"line":36,"column":8},"end":{"line":36,"column":43}},"31":{"start":{"line":37,"column":8},"end":{"line":37,"column":52}},"32":{"start":{"line":38,"column":8},"end":{"line":38,"column":44}},"33":{"start":{"line":39,"column":8},"end":{"line":44,"column":9}},"34":{"start":{"line":40,"column":12},"end":{"line":40,"column":44}},"35":{"start":{"line":42,"column":13},"end":{"line":44,"column":9}},"36":{"start":{"line":43,"column":12},"end":{"line":43,"column":45}},"37":{"start":{"line":45,"column":8},"end":{"line":45,"column":35}},"38":{"start":{"line":48,"column":0},"end":{"line":51,"column":55}},"39":{"start":{"line":52,"column":0},"end":{"line":80,"column":27}},"40":{"start":{"line":81,"column":0},"end":{"line":81,"column":56}}},"branchMap":{"1":{"line":2,"type":"binary-expr","locations":[{"start":{"line":2,"column":18},"end":{"line":2,"column":22}},{"start":{"line":2,"column":26},"end":{"line":2,"column":41}},{"start":{"line":2,"column":46},"end":{"line":7,"column":1}}]},"2":{"line":3,"type":"cond-expr","locations":[{"start":{"line":3,"column":42},"end":{"line":3,"column":48}},{"start":{"line":3,"column":51},"end":{"line":3,"column":125}}]},"3":{"line":3,"type":"cond-expr","locations":[{"start":{"line":3,"column":67},"end":{"line":3,"column":118}},{"start":{"line":3,"column":121},"end":{"line":3,"column":125}}]},"4":{"line":4,"type":"if","locations":[{"start":{"line":4,"column":4},"end":{"line":4,"column":4}},{"start":{"line":4,"column":4},"end":{"line":4,"column":4}}]},"5":{"line":4,"type":"binary-expr","locations":[{"start":{"line":4,"column":8},"end":{"line":4,"column":35}},{"start":{"line":4,"column":39},"end":{"line":4,"column":77}}]},"6":{"line":5,"type":"if","locations":[{"start":{"line":5,"column":58},"end":{"line":5,"column":58}},{"start":{"line":5,"column":58},"end":{"line":5,"column":58}}]},"7":{"line":5,"type":"binary-expr","locations":[{"start":{"line":5,"column":86},"end":{"line":5,"column":143}},{"start":{"line":5,"column":148},"end":{"line":5,"column":149}}]},"8":{"line":5,"type":"cond-expr","locations":[{"start":{"line":5,"column":94},"end":{"line":5,"column":98}},{"start":{"line":5,"column":101},"end":{"line":5,"column":143}}]},"9":{"line":5,"type":"cond-expr","locations":[{"start":{"line":5,"column":109},"end":{"line":5,"column":126}},{"start":{"line":5,"column":129},"end":{"line":5,"column":143}}]},"10":{"line":6,"type":"binary-expr","locations":[{"start":{"line":6,"column":11},"end":{"line":6,"column":16}},{"start":{"line":6,"column":20},"end":{"line":6,"column":21}},{"start":{"line":6,"column":25},"end":{"line":6,"column":62}}]},"11":{"line":8,"type":"binary-expr","locations":[{"start":{"line":8,"column":18},"end":{"line":8,"column":22}},{"start":{"line":8,"column":26},"end":{"line":8,"column":41}},{"start":{"line":8,"column":46},"end":{"line":10,"column":1}}]},"12":{"line":9,"type":"if","locations":[{"start":{"line":9,"column":4},"end":{"line":9,"column":4}},{"start":{"line":9,"column":4},"end":{"line":9,"column":4}}]},"13":{"line":9,"type":"binary-expr","locations":[{"start":{"line":9,"column":8},"end":{"line":9,"column":35}},{"start":{"line":9,"column":39},"end":{"line":9,"column":77}}]},"14":{"line":39,"type":"if","locations":[{"start":{"line":39,"column":8},"end":{"line":39,"column":8}},{"start":{"line":39,"column":8},"end":{"line":39,"column":8}}]},"15":{"line":42,"type":"if","locations":[{"start":{"line":42,"column":13},"end":{"line":42,"column":13}},{"start":{"line":42,"column":13},"end":{"line":42,"column":13}}]}},"l":{"2":0,"3":0,"4":0,"5":0,"6":0,"8":0,"9":0,"11":0,"12":0,"13":0,"14":0,"15":0,"16":0,"18":0,"19":0,"20":0,"21":0,"24":0,"25":0,"26":0,"29":0,"30":0,"31":0,"34":0,"35":0,"36":0,"37":0,"38":0,"39":0,"40":0,"42":0,"43":0,"45":0,"48":0,"52":0,"81":0}},
"C:\\Users\\charbel pc\\inf2990-13\\Sudoku\\client\\out\\timer\\time.js":{"path":"C:\\Users\\charbel pc\\inf2990-13\\Sudoku\\client\\out\\timer\\time.js","s":{"1":0,"2":0,"3":0,"4":0,"5":0,"6":0,"7":0,"8":0,"9":0,"10":0,"11":0,"12":0,"13":0,"14":0,"15":0,"16":0,"17":0,"18":1},"b":{"1":[0,0],"2":[0,0],"3":[0,0]},"f":{"1":0,"2":0,"3":0,"4":0,"5":0},"fnMap":{"1":{"name":"(anonymous_1)","line":3,"loc":{"start":{"line":3,"column":15},"end":{"line":3,"column":29}}},"2":{"name":"(anonymous_2)","line":14,"loc":{"start":{"line":14,"column":10},"end":{"line":14,"column":24}}},"3":{"name":"(anonymous_3)","line":24,"loc":{"start":{"line":24,"column":10},"end":{"line":24,"column":13}}},"4":{"name":"(anonymous_4)","line":36,"loc":{"start":{"line":36,"column":12},"end":{"line":36,"column":15}}},"5":{"name":"(anonymous_5)","line":39,"loc":{"start":{"line":39,"column":12},"end":{"line":39,"column":15}}}},"statementMap":{"1":{"start":{"line":4,"column":8},"end":{"line":4,"column":33}},"2":{"start":{"line":15,"column":8},"end":{"line":15,"column":39}},"3":{"start":{"line":16,"column":8},"end":{"line":16,"column":61}},"4":{"start":{"line":17,"column":8},"end":{"line":17,"column":54}},"5":{"start":{"line":18,"column":8},"end":{"line":18,"column":33}},"6":{"start":{"line":19,"column":8},"end":{"line":19,"column":49}},"7":{"start":{"line":20,"column":8},"end":{"line":20,"column":33}},"8":{"start":{"line":21,"column":8},"end":{"line":21,"column":38}},"9":{"start":{"line":22,"column":8},"end":{"line":22,"column":22}},"10":{"start":{"line":26,"column":8},"end":{"line":28,"column":9}},"11":{"start":{"line":27,"column":12},"end":{"line":27,"column":38}},"12":{"start":{"line":29,"column":8},"end":{"line":31,"column":9}},"13":{"start":{"line":30,"column":12},"end":{"line":30,"column":38}},"14":{"start":{"line":32,"column":8},"end":{"line":34,"column":9}},"15":{"start":{"line":33,"column":12},"end":{"line":33,"column":40}},"16":{"start":{"line":37,"column":8},"end":{"line":37,"column":32}},"17":{"start":{"line":40,"column":8},"end":{"line":40,"column":80}},"18":{"start":{"line":43,"column":0},"end":{"line":43,"column":20}}},"branchMap":{"1":{"line":26,"type":"if","locations":[{"start":{"line":26,"column":8},"end":{"line":26,"column":8}},{"start":{"line":26,"column":8},"end":{"line":26,"column":8}}]},"2":{"line":29,"type":"if","locations":[{"start":{"line":29,"column":8},"end":{"line":29,"column":8}},{"start":{"line":29,"column":8},"end":{"line":29,"column":8}}]},"3":{"line":32,"type":"if","locations":[{"start":{"line":32,"column":8},"end":{"line":32,"column":8}},{"start":{"line":32,"column":8},"end":{"line":32,"column":8}}]}},"l":{"4":0,"15":0,"16":0,"17":0,"18":0,"19":0,"20":0,"21":0,"22":0,"26":0,"27":0,"29":0,"30":0,"32":0,"33":0,"37":0,"40":0,"43":1}},
"C:\\Users\\charbel pc\\inf2990-13\\Sudoku\\client\\out\\timer\\timer.component.js":{"path":"C:\\Users\\charbel pc\\inf2990-13\\Sudoku\\client\\out\\timer\\timer.component.js","s":{"1":0,"2":0,"3":0,"4":0,"5":0,"6":0,"7":0,"8":0,"9":0,"10":0,"11":0,"12":0,"13":0,"14":0,"15":0,"16":0,"17":0,"18":0,"19":0,"20":0,"21":0,"22":0,"23":0,"24":0,"25":0,"26":0,"27":0,"28":0,"29":0,"30":0,"31":0,"32":0,"33":0,"34":0,"35":0,"36":0,"37":0,"38":0,"39":0,"40":0,"41":0,"42":0,"43":0,"44":0,"45":0,"46":0,"47":0,"48":0},"b":{"1":[0,0,0],"2":[0,0],"3":[0,0],"4":[0,0],"5":[0,0],"6":[0,0],"7":[0,0],"8":[0,0],"9":[0,0],"10":[0,0,0],"11":[0,0,0],"12":[0,0],"13":[0,0],"14":[0,0],"15":[0,0],"16":[0,0],"17":[0,0]},"f":{"1":0,"2":0,"3":0,"4":0,"5":0,"6":0,"7":0,"8":0,"9":0,"10":0,"11":0},"fnMap":{"1":{"name":"(anonymous_1)","line":2,"loc":{"start":{"line":2,"column":46},"end":{"line":2,"column":87}}},"2":{"name":"(anonymous_2)","line":8,"loc":{"start":{"line":8,"column":46},"end":{"line":8,"column":62}}},"3":{"name":"(anonymous_3)","line":14,"loc":{"start":{"line":14,"column":15},"end":{"line":14,"column":18}}},"4":{"name":"(anonymous_4)","line":26,"loc":{"start":{"line":26,"column":9},"end":{"line":26,"column":12}}},"5":{"name":"(anonymous_5)","line":30,"loc":{"start":{"line":30,"column":8},"end":{"line":30,"column":11}}},"6":{"name":"(anonymous_6)","line":33,"loc":{"start":{"line":33,"column":9},"end":{"line":33,"column":12}}},"7":{"name":"(anonymous_7)","line":39,"loc":{"start":{"line":39,"column":11},"end":{"line":39,"column":14}}},"8":{"name":"(anonymous_8)","line":42,"loc":{"start":{"line":42,"column":15},"end":{"line":42,"column":18}}},"9":{"name":"(anonymous_9)","line":45,"loc":{"start":{"line":45,"column":16},"end":{"line":45,"column":19}}},"10":{"name":"(anonymous_10)","line":48,"loc":{"start":{"line":48,"column":21},"end":{"line":48,"column":24}}},"11":{"name":"(anonymous_11)","line":52,"loc":{"start":{"line":52,"column":9},"end":{"line":52,"column":12}}}},"statementMap":{"1":{"start":{"line":2,"column":0},"end":{"line":7,"column":2}},"2":{"start":{"line":3,"column":4},"end":{"line":3,"column":129}},"3":{"start":{"line":4,"column":4},"end":{"line":5,"column":150}},"4":{"start":{"line":4,"column":79},"end":{"line":4,"column":131}},"5":{"start":{"line":5,"column":9},"end":{"line":5,"column":150}},"6":{"start":{"line":5,"column":58},"end":{"line":5,"column":150}},"7":{"start":{"line":5,"column":81},"end":{"line":5,"column":150}},"8":{"start":{"line":6,"column":4},"end":{"line":6,"column":66}},"9":{"start":{"line":8,"column":0},"end":{"line":10,"column":2}},"10":{"start":{"line":9,"column":4},"end":{"line":9,"column":109}},"11":{"start":{"line":9,"column":79},"end":{"line":9,"column":109}},"12":{"start":{"line":11,"column":0},"end":{"line":11,"column":40}},"13":{"start":{"line":12,"column":0},"end":{"line":12,"column":33}},"14":{"start":{"line":13,"column":0},"end":{"line":72,"column":2}},"15":{"start":{"line":15,"column":8},"end":{"line":15,"column":39}},"16":{"start":{"line":16,"column":8},"end":{"line":16,"column":56}},"17":{"start":{"line":17,"column":8},"end":{"line":17,"column":29}},"18":{"start":{"line":22,"column":8},"end":{"line":22,"column":29}},"19":{"start":{"line":23,"column":8},"end":{"line":23,"column":33}},"20":{"start":{"line":24,"column":8},"end":{"line":24,"column":21}},"21":{"start":{"line":27,"column":8},"end":{"line":27,"column":28}},"22":{"start":{"line":28,"column":8},"end":{"line":28,"column":21}},"23":{"start":{"line":31,"column":8},"end":{"line":31,"column":29}},"24":{"start":{"line":34,"column":8},"end":{"line":34,"column":29}},"25":{"start":{"line":35,"column":8},"end":{"line":35,"column":29}},"26":{"start":{"line":36,"column":8},"end":{"line":36,"column":39}},"27":{"start":{"line":37,"column":8},"end":{"line":37,"column":44}},"28":{"start":{"line":40,"column":8},"end":{"line":40,"column":25}},"29":{"start":{"line":43,"column":8},"end":{"line":43,"column":32}},"30":{"start":{"line":46,"column":8},"end":{"line":46,"column":33}},"31":{"start":{"line":49,"column":8},"end":{"line":49,"column":20}},"32":{"start":{"line":50,"column":8},"end":{"line":50,"column":44}},"33":{"start":{"line":53,"column":8},"end":{"line":70,"column":9}},"34":{"start":{"line":54,"column":12},"end":{"line":69,"column":19}},"35":{"start":{"line":56,"column":16},"end":{"line":65,"column":17}},"36":{"start":{"line":57,"column":20},"end":{"line":57,"column":39}},"37":{"start":{"line":58,"column":20},"end":{"line":58,"column":55}},"38":{"start":{"line":59,"column":20},"end":{"line":59,"column":56}},"39":{"start":{"line":60,"column":20},"end":{"line":60,"column":33}},"40":{"start":{"line":63,"column":20},"end":{"line":63,"column":33}},"41":{"start":{"line":64,"column":20},"end":{"line":64,"column":33}},"42":{"start":{"line":66,"column":16},"end":{"line":68,"column":17}},"43":{"start":{"line":67,"column":20},"end":{"line":67,"column":45}},"44":{"start":{"line":73,"column":0},"end":{"line":76,"column":65}},"45":{"start":{"line":77,"column":0},"end":{"line":80,"column":55}},"46":{"start":{"line":81,"column":0},"end":{"line":84,"column":55}},"47":{"start":{"line":85,"column":0},"end":{"line":102,"column":19}},"48":{"start":{"line":103,"column":0},"end":{"line":103,"column":40}}},"branchMap":{"1":{"line":2,"type":"binary-expr","locations":[{"start":{"line":2,"column":18},"end":{"line":2,"column":22}},{"start":{"line":2,"column":26},"end":{"line":2,"column":41}},{"start":{"line":2,"column":46},"end":{"line":7,"column":1}}]},"2":{"line":3,"type":"cond-expr","locations":[{"start":{"line":3,"column":42},"end":{"line":3,"column":48}},{"start":{"line":3,"column":51},"end":{"line":3,"column":125}}]},"3":{"line":3,"type":"cond-expr","locations":[{"start":{"line":3,"column":67},"end":{"line":3,"column":118}},{"start":{"line":3,"column":121},"end":{"line":3,"column":125}}]},"4":{"line":4,"type":"if","locations":[{"start":{"line":4,"column":4},"end":{"line":4,"column":4}},{"start":{"line":4,"column":4},"end":{"line":4,"column":4}}]},"5":{"line":4,"type":"binary-expr","locations":[{"start":{"line":4,"column":8},"end":{"line":4,"column":35}},{"start":{"line":4,"column":39},"end":{"line":4,"column":77}}]},"6":{"line":5,"type":"if","locations":[{"start":{"line":5,"column":58},"end":{"line":5,"column":58}},{"start":{"line":5,"column":58},"end":{"line":5,"column":58}}]},"7":{"line":5,"type":"binary-expr","locations":[{"start":{"line":5,"column":86},"end":{"line":5,"column":143}},{"start":{"line":5,"column":148},"end":{"line":5,"column":149}}]},"8":{"line":5,"type":"cond-expr","locations":[{"start":{"line":5,"column":94},"end":{"line":5,"column":98}},{"start":{"line":5,"column":101},"end":{"line":5,"column":143}}]},"9":{"line":5,"type":"cond-expr","locations":[{"start":{"line":5,"column":109},"end":{"line":5,"column":126}},{"start":{"line":5,"column":129},"end":{"line":5,"column":143}}]},"10":{"line":6,"type":"binary-expr","locations":[{"start":{"line":6,"column":11},"end":{"line":6,"column":16}},{"start":{"line":6,"column":20},"end":{"line":6,"column":21}},{"start":{"line":6,"column":25},"end":{"line":6,"column":62}}]},"11":{"line":8,"type":"binary-expr","locations":[{"start":{"line":8,"column":18},"end":{"line":8,"column":22}},{"start":{"line":8,"column":26},"end":{"line":8,"column":41}},{"start":{"line":8,"column":46},"end":{"line":10,"column":1}}]},"12":{"line":9,"type":"if","locations":[{"start":{"line":9,"column":4},"end":{"line":9,"column":4}},{"start":{"line":9,"column":4},"end":{"line":9,"column":4}}]},"13":{"line":9,"type":"binary-expr","locations":[{"start":{"line":9,"column":8},"end":{"line":9,"column":35}},{"start":{"line":9,"column":39},"end":{"line":9,"column":77}}]},"14":{"line":53,"type":"if","locations":[{"start":{"line":53,"column":8},"end":{"line":53,"column":8}},{"start":{"line":53,"column":8},"end":{"line":53,"column":8}}]},"15":{"line":56,"type":"if","locations":[{"start":{"line":56,"column":16},"end":{"line":56,"column":16}},{"start":{"line":56,"column":16},"end":{"line":56,"column":16}}]},"16":{"line":56,"type":"binary-expr","locations":[{"start":{"line":56,"column":20},"end":{"line":56,"column":41}},{"start":{"line":56,"column":45},"end":{"line":56,"column":75}}]},"17":{"line":66,"type":"if","locations":[{"start":{"line":66,"column":16},"end":{"line":66,"column":16}},{"start":{"line":66,"column":16},"end":{"line":66,"column":16}}]}},"l":{"2":0,"3":0,"4":0,"5":0,"6":0,"8":0,"9":0,"11":0,"12":0,"13":0,"15":0,"16":0,"17":0,"22":0,"23":0,"24":0,"27":0,"28":0,"31":0,"34":0,"35":0,"36":0,"37":0,"40":0,"43":0,"46":0,"49":0,"50":0,"53":0,"54":0,"56":0,"57":0,"58":0,"59":0,"60":0,"63":0,"64":0,"66":0,"67":0,"73":0,"77":0,"81":0,"85":0,"103":0}},
"C:\\Users\\charbel pc\\inf2990-13\\Sudoku\\client\\out\\timer\\timer.service.js":{"path":"C:\\Users\\charbel pc\\inf2990-13\\Sudoku\\client\\out\\timer\\timer.service.js","s":{"1":0,"2":0,"3":0,"4":0,"5":0,"6":0,"7":0,"8":0,"9":0,"10":0,"11":0,"12":0,"13":0,"14":0,"15":0,"16":0,"17":0,"18":0,"19":0,"20":0,"21":0,"22":0},"b":{"1":[0,0,0],"2":[0,0],"3":[0,0],"4":[0,0],"5":[0,0],"6":[0,0],"7":[0,0],"8":[0,0],"9":[0,0],"10":[0,0,0],"11":[0,0,0],"12":[0,0],"13":[0,0]},"f":{"1":0,"2":0,"3":0,"4":0,"5":0},"fnMap":{"1":{"name":"(anonymous_1)","line":2,"loc":{"start":{"line":2,"column":46},"end":{"line":2,"column":87}}},"2":{"name":"(anonymous_2)","line":8,"loc":{"start":{"line":8,"column":46},"end":{"line":8,"column":62}}},"3":{"name":"(anonymous_3)","line":14,"loc":{"start":{"line":14,"column":15},"end":{"line":14,"column":18}}},"4":{"name":"(anonymous_4)","line":20,"loc":{"start":{"line":20,"column":14},"end":{"line":20,"column":24}}},"5":{"name":"(anonymous_5)","line":23,"loc":{"start":{"line":23,"column":13},"end":{"line":23,"column":20}}}},"statementMap":{"1":{"start":{"line":2,"column":0},"end":{"line":7,"column":2}},"2":{"start":{"line":3,"column":4},"end":{"line":3,"column":129}},"3":{"start":{"line":4,"column":4},"end":{"line":5,"column":150}},"4":{"start":{"line":4,"column":79},"end":{"line":4,"column":131}},"5":{"start":{"line":5,"column":9},"end":{"line":5,"column":150}},"6":{"start":{"line":5,"column":58},"end":{"line":5,"column":150}},"7":{"start":{"line":5,"column":81},"end":{"line":5,"column":150}},"8":{"start":{"line":6,"column":4},"end":{"line":6,"column":66}},"9":{"start":{"line":8,"column":0},"end":{"line":10,"column":2}},"10":{"start":{"line":9,"column":4},"end":{"line":9,"column":109}},"11":{"start":{"line":9,"column":79},"end":{"line":9,"column":109}},"12":{"start":{"line":11,"column":0},"end":{"line":11,"column":40}},"13":{"start":{"line":12,"column":0},"end":{"line":12,"column":42}},"14":{"start":{"line":13,"column":0},"end":{"line":26,"column":2}},"15":{"start":{"line":15,"column":8},"end":{"line":15,"column":58}},"16":{"start":{"line":16,"column":8},"end":{"line":16,"column":58}},"17":{"start":{"line":17,"column":8},"end":{"line":17,"column":68}},"18":{"start":{"line":18,"column":8},"end":{"line":18,"column":68}},"19":{"start":{"line":21,"column":8},"end":{"line":21,"column":46}},"20":{"start":{"line":24,"column":8},"end":{"line":24,"column":43}},"21":{"start":{"line":27,"column":0},"end":{"line":30,"column":17}},"22":{"start":{"line":31,"column":0},"end":{"line":31,"column":36}}},"branchMap":{"1":{"line":2,"type":"binary-expr","locations":[{"start":{"line":2,"column":18},"end":{"line":2,"column":22}},{"start":{"line":2,"column":26},"end":{"line":2,"column":41}},{"start":{"line":2,"column":46},"end":{"line":7,"column":1}}]},"2":{"line":3,"type":"cond-expr","locations":[{"start":{"line":3,"column":42},"end":{"line":3,"column":48}},{"start":{"line":3,"column":51},"end":{"line":3,"column":125}}]},"3":{"line":3,"type":"cond-expr","locations":[{"start":{"line":3,"column":67},"end":{"line":3,"column":118}},{"start":{"line":3,"column":121},"end":{"line":3,"column":125}}]},"4":{"line":4,"type":"if","locations":[{"start":{"line":4,"column":4},"end":{"line":4,"column":4}},{"start":{"line":4,"column":4},"end":{"line":4,"column":4}}]},"5":{"line":4,"type":"binary-expr","locations":[{"start":{"line":4,"column":8},"end":{"line":4,"column":35}},{"start":{"line":4,"column":39},"end":{"line":4,"column":77}}]},"6":{"line":5,"type":"if","locations":[{"start":{"line":5,"column":58},"end":{"line":5,"column":58}},{"start":{"line":5,"column":58},"end":{"line":5,"column":58}}]},"7":{"line":5,"type":"binary-expr","locations":[{"start":{"line":5,"column":86},"end":{"line":5,"column":143}},{"start":{"line":5,"column":148},"end":{"line":5,"column":149}}]},"8":{"line":5,"type":"cond-expr","locations":[{"start":{"line":5,"column":94},"end":{"line":5,"column":98}},{"start":{"line":5,"column":101},"end":{"line":5,"column":143}}]},"9":{"line":5,"type":"cond-expr","locations":[{"start":{"line":5,"column":109},"end":{"line":5,"column":126}},{"start":{"line":5,"column":129},"end":{"line":5,"column":143}}]},"10":{"line":6,"type":"binary-expr","locations":[{"start":{"line":6,"column":11},"end":{"line":6,"column":16}},{"start":{"line":6,"column":20},"end":{"line":6,"column":21}},{"start":{"line":6,"column":25},"end":{"line":6,"column":62}}]},"11":{"line":8,"type":"binary-expr","locations":[{"start":{"line":8,"column":18},"end":{"line":8,"column":22}},{"start":{"line":8,"column":26},"end":{"line":8,"column":41}},{"start":{"line":8,"column":46},"end":{"line":10,"column":1}}]},"12":{"line":9,"type":"if","locations":[{"start":{"line":9,"column":4},"end":{"line":9,"column":4}},{"start":{"line":9,"column":4},"end":{"line":9,"column":4}}]},"13":{"line":9,"type":"binary-expr","locations":[{"start":{"line":9,"column":8},"end":{"line":9,"column":35}},{"start":{"line":9,"column":39},"end":{"line":9,"column":77}}]}},"l":{"2":0,"3":0,"4":0,"5":0,"6":0,"8":0,"9":0,"11":0,"12":0,"13":0,"15":0,"16":0,"17":0,"18":0,"21":0,"24":0,"27":0,"31":0}},
"C:\\Users\\charbel pc\\inf2990-13\\Sudoku\\client\\out\\usager\\usager.component.js":{"path":"C:\\Users\\charbel pc\\inf2990-13\\Sudoku\\client\\out\\usager\\usager.component.js","s":{"1":0,"2":0,"3":0,"4":0,"5":0,"6":0,"7":0,"8":0,"9":0,"10":0,"11":0,"12":0,"13":0,"14":0,"15":0,"16":0,"17":0,"18":0,"19":0,"20":0,"21":0},"b":{"1":[0,0,0],"2":[0,0],"3":[0,0],"4":[0,0],"5":[0,0],"6":[0,0],"7":[0,0],"8":[0,0],"9":[0,0],"10":[0,0,0],"11":[0,0,0],"12":[0,0],"13":[0,0]},"f":{"1":0,"2":0,"3":0,"4":0},"fnMap":{"1":{"name":"(anonymous_1)","line":2,"loc":{"start":{"line":2,"column":46},"end":{"line":2,"column":87}}},"2":{"name":"(anonymous_2)","line":8,"loc":{"start":{"line":8,"column":46},"end":{"line":8,"column":62}}},"3":{"name":"(anonymous_3)","line":13,"loc":{"start":{"line":13,"column":15},"end":{"line":13,"column":18}}},"4":{"name":"(anonymous_4)","line":18,"loc":{"start":{"line":18,"column":13},"end":{"line":18,"column":16}}}},"statementMap":{"1":{"start":{"line":2,"column":0},"end":{"line":7,"column":2}},"2":{"start":{"line":3,"column":4},"end":{"line":3,"column":129}},"3":{"start":{"line":4,"column":4},"end":{"line":5,"column":150}},"4":{"start":{"line":4,"column":79},"end":{"line":4,"column":131}},"5":{"start":{"line":5,"column":9},"end":{"line":5,"column":150}},"6":{"start":{"line":5,"column":58},"end":{"line":5,"column":150}},"7":{"start":{"line":5,"column":81},"end":{"line":5,"column":150}},"8":{"start":{"line":6,"column":4},"end":{"line":6,"column":66}},"9":{"start":{"line":8,"column":0},"end":{"line":10,"column":2}},"10":{"start":{"line":9,"column":4},"end":{"line":9,"column":109}},"11":{"start":{"line":9,"column":79},"end":{"line":9,"column":109}},"12":{"start":{"line":11,"column":0},"end":{"line":11,"column":40}},"13":{"start":{"line":12,"column":0},"end":{"line":22,"column":2}},"14":{"start":{"line":14,"column":8},"end":{"line":14,"column":51}},"15":{"start":{"line":15,"column":8},"end":{"line":15,"column":23}},"16":{"start":{"line":16,"column":8},"end":{"line":16,"column":31}},"17":{"start":{"line":19,"column":8},"end":{"line":19,"column":39}},"18":{"start":{"line":20,"column":8},"end":{"line":20,"column":30}},"19":{"start":{"line":23,"column":0},"end":{"line":26,"column":51}},"20":{"start":{"line":27,"column":0},"end":{"line":40,"column":20}},"21":{"start":{"line":41,"column":0},"end":{"line":41,"column":42}}},"branchMap":{"1":{"line":2,"type":"binary-expr","locations":[{"start":{"line":2,"column":18},"end":{"line":2,"column":22}},{"start":{"line":2,"column":26},"end":{"line":2,"column":41}},{"start":{"line":2,"column":46},"end":{"line":7,"column":1}}]},"2":{"line":3,"type":"cond-expr","locations":[{"start":{"line":3,"column":42},"end":{"line":3,"column":48}},{"start":{"line":3,"column":51},"end":{"line":3,"column":125}}]},"3":{"line":3,"type":"cond-expr","locations":[{"start":{"line":3,"column":67},"end":{"line":3,"column":118}},{"start":{"line":3,"column":121},"end":{"line":3,"column":125}}]},"4":{"line":4,"type":"if","locations":[{"start":{"line":4,"column":4},"end":{"line":4,"column":4}},{"start":{"line":4,"column":4},"end":{"line":4,"column":4}}]},"5":{"line":4,"type":"binary-expr","locations":[{"start":{"line":4,"column":8},"end":{"line":4,"column":35}},{"start":{"line":4,"column":39},"end":{"line":4,"column":77}}]},"6":{"line":5,"type":"if","locations":[{"start":{"line":5,"column":58},"end":{"line":5,"column":58}},{"start":{"line":5,"column":58},"end":{"line":5,"column":58}}]},"7":{"line":5,"type":"binary-expr","locations":[{"start":{"line":5,"column":86},"end":{"line":5,"column":143}},{"start":{"line":5,"column":148},"end":{"line":5,"column":149}}]},"8":{"line":5,"type":"cond-expr","locations":[{"start":{"line":5,"column":94},"end":{"line":5,"column":98}},{"start":{"line":5,"column":101},"end":{"line":5,"column":143}}]},"9":{"line":5,"type":"cond-expr","locations":[{"start":{"line":5,"column":109},"end":{"line":5,"column":126}},{"start":{"line":5,"column":129},"end":{"line":5,"column":143}}]},"10":{"line":6,"type":"binary-expr","locations":[{"start":{"line":6,"column":11},"end":{"line":6,"column":16}},{"start":{"line":6,"column":20},"end":{"line":6,"column":21}},{"start":{"line":6,"column":25},"end":{"line":6,"column":62}}]},"11":{"line":8,"type":"binary-expr","locations":[{"start":{"line":8,"column":18},"end":{"line":8,"column":22}},{"start":{"line":8,"column":26},"end":{"line":8,"column":41}},{"start":{"line":8,"column":46},"end":{"line":10,"column":1}}]},"12":{"line":9,"type":"if","locations":[{"start":{"line":9,"column":4},"end":{"line":9,"column":4}},{"start":{"line":9,"column":4},"end":{"line":9,"column":4}}]},"13":{"line":9,"type":"binary-expr","locations":[{"start":{"line":9,"column":8},"end":{"line":9,"column":35}},{"start":{"line":9,"column":39},"end":{"line":9,"column":77}}]}},"l":{"2":0,"3":0,"4":0,"5":0,"6":0,"8":0,"9":0,"11":0,"12":0,"14":0,"15":0,"16":0,"19":0,"20":0,"23":0,"27":0,"41":0}},
"C:\\Users\\charbel pc\\inf2990-13\\Sudoku\\client\\out\\usager\\usager.js":{"path":"C:\\Users\\charbel pc\\inf2990-13\\Sudoku\\client\\out\\usager\\usager.js","s":{},"b":{},"f":{},"fnMap":{},"statementMap":{},"branchMap":{},"l":{}},
"C:\\Users\\charbel pc\\inf2990-13\\Sudoku\\client\\out\\grille\\grille.service.js":{"path":"C:\\Users\\charbel pc\\inf2990-13\\Sudoku\\client\\out\\grille\\grille.service.js","s":{"1":1,"2":1,"3":1,"4":1,"5":0,"6":0,"7":0,"8":1,"9":1,"10":1,"11":1,"12":1,"13":1,"14":1,"15":0,"16":0,"17":0,"18":0,"19":0,"20":0,"21":0,"22":0,"23":0,"24":0,"25":0,"26":0,"27":0,"28":0,"29":0,"30":0,"31":0,"32":0,"33":1,"34":1,"35":2,"36":0,"37":0,"38":0,"39":0,"40":0},"b":{"1":[1,1,1],"2":[1,0],"3":[0,0],"4":[1,0],"5":[1,1],"6":[0,0],"7":[0,0],"8":[0,0],"9":[0,0],"10":[1,0,0],"11":[1,1,1],"12":[1,0],"13":[1,1],"14":[0,0]},"f":{"1":1,"2":1,"3":0,"4":0,"5":0,"6":0},"fnMap":{"1":{"name":"(anonymous_1)","line":2,"loc":{"start":{"line":2,"column":46},"end":{"line":2,"column":87}}},"2":{"name":"(anonymous_2)","line":8,"loc":{"start":{"line":8,"column":46},"end":{"line":8,"column":62}}},"3":{"name":"(anonymous_3)","line":16,"loc":{"start":{"line":16,"column":15},"end":{"line":16,"column":18}}},"4":{"name":"(anonymous_4)","line":27,"loc":{"start":{"line":27,"column":29},"end":{"line":27,"column":46}}},"5":{"name":"(anonymous_5)","line":38,"loc":{"start":{"line":38,"column":13},"end":{"line":38,"column":26}}},"6":{"name":"copy","line":53,"loc":{"start":{"line":53,"column":0},"end":{"line":53,"column":19}}}},"statementMap":{"1":{"start":{"line":2,"column":0},"end":{"line":7,"column":2}},"2":{"start":{"line":3,"column":4},"end":{"line":3,"column":129}},"3":{"start":{"line":4,"column":4},"end":{"line":5,"column":150}},"4":{"start":{"line":4,"column":79},"end":{"line":4,"column":131}},"5":{"start":{"line":5,"column":9},"end":{"line":5,"column":150}},"6":{"start":{"line":5,"column":58},"end":{"line":5,"column":150}},"7":{"start":{"line":5,"column":81},"end":{"line":5,"column":150}},"8":{"start":{"line":6,"column":4},"end":{"line":6,"column":66}},"9":{"start":{"line":8,"column":0},"end":{"line":10,"column":2}},"10":{"start":{"line":9,"column":4},"end":{"line":9,"column":109}},"11":{"start":{"line":9,"column":79},"end":{"line":9,"column":109}},"12":{"start":{"line":11,"column":0},"end":{"line":11,"column":40}},"13":{"start":{"line":12,"column":0},"end":{"line":12,"column":39}},"14":{"start":{"line":15,"column":0},"end":{"line":47,"column":2}},"15":{"start":{"line":17,"column":8},"end":{"line":17,"column":50}},"16":{"start":{"line":18,"column":8},"end":{"line":23,"column":11}},"17":{"start":{"line":19,"column":12},"end":{"line":19,"column":40}},"18":{"start":{"line":20,"column":12},"end":{"line":20,"column":51}},"19":{"start":{"line":21,"column":12},"end":{"line":21,"column":54}},"20":{"start":{"line":22,"column":12},"end":{"line":22,"column":42}},"21":{"start":{"line":28,"column":8},"end":{"line":28,"column":60}},"22":{"start":{"line":29,"column":8},"end":{"line":29,"column":36}},"23":{"start":{"line":30,"column":8},"end":{"line":36,"column":11}},"24":{"start":{"line":31,"column":12},"end":{"line":35,"column":15}},"25":{"start":{"line":32,"column":16},"end":{"line":32,"column":72}},"26":{"start":{"line":33,"column":16},"end":{"line":33,"column":48}},"27":{"start":{"line":34,"column":16},"end":{"line":34,"column":37}},"28":{"start":{"line":39,"column":8},"end":{"line":39,"column":55}},"29":{"start":{"line":40,"column":8},"end":{"line":45,"column":11}},"30":{"start":{"line":41,"column":12},"end":{"line":44,"column":15}},"31":{"start":{"line":42,"column":16},"end":{"line":42,"column":44}},"32":{"start":{"line":43,"column":16},"end":{"line":43,"column":42}},"33":{"start":{"line":48,"column":0},"end":{"line":51,"column":18}},"34":{"start":{"line":52,"column":0},"end":{"line":52,"column":38}},"35":{"start":{"line":53,"column":0},"end":{"line":61,"column":1}},"36":{"start":{"line":54,"column":4},"end":{"line":54,"column":30}},"37":{"start":{"line":55,"column":4},"end":{"line":59,"column":5}},"38":{"start":{"line":56,"column":8},"end":{"line":58,"column":9}},"39":{"start":{"line":57,"column":12},"end":{"line":57,"column":40}},"40":{"start":{"line":60,"column":4},"end":{"line":60,"column":18}}},"branchMap":{"1":{"line":2,"type":"binary-expr","locations":[{"start":{"line":2,"column":18},"end":{"line":2,"column":22}},{"start":{"line":2,"column":26},"end":{"line":2,"column":41}},{"start":{"line":2,"column":46},"end":{"line":7,"column":1}}]},"2":{"line":3,"type":"cond-expr","locations":[{"start":{"line":3,"column":42},"end":{"line":3,"column":48}},{"start":{"line":3,"column":51},"end":{"line":3,"column":125}}]},"3":{"line":3,"type":"cond-expr","locations":[{"start":{"line":3,"column":67},"end":{"line":3,"column":118}},{"start":{"line":3,"column":121},"end":{"line":3,"column":125}}]},"4":{"line":4,"type":"if","locations":[{"start":{"line":4,"column":4},"end":{"line":4,"column":4}},{"start":{"line":4,"column":4},"end":{"line":4,"column":4}}]},"5":{"line":4,"type":"binary-expr","locations":[{"start":{"line":4,"column":8},"end":{"line":4,"column":35}},{"start":{"line":4,"column":39},"end":{"line":4,"column":77}}]},"6":{"line":5,"type":"if","locations":[{"start":{"line":5,"column":58},"end":{"line":5,"column":58}},{"start":{"line":5,"column":58},"end":{"line":5,"column":58}}]},"7":{"line":5,"type":"binary-expr","locations":[{"start":{"line":5,"column":86},"end":{"line":5,"column":143}},{"start":{"line":5,"column":148},"end":{"line":5,"column":149}}]},"8":{"line":5,"type":"cond-expr","locations":[{"start":{"line":5,"column":94},"end":{"line":5,"column":98}},{"start":{"line":5,"column":101},"end":{"line":5,"column":143}}]},"9":{"line":5,"type":"cond-expr","locations":[{"start":{"line":5,"column":109},"end":{"line":5,"column":126}},{"start":{"line":5,"column":129},"end":{"line":5,"column":143}}]},"10":{"line":6,"type":"binary-expr","locations":[{"start":{"line":6,"column":11},"end":{"line":6,"column":16}},{"start":{"line":6,"column":20},"end":{"line":6,"column":21}},{"start":{"line":6,"column":25},"end":{"line":6,"column":62}}]},"11":{"line":8,"type":"binary-expr","locations":[{"start":{"line":8,"column":18},"end":{"line":8,"column":22}},{"start":{"line":8,"column":26},"end":{"line":8,"column":41}},{"start":{"line":8,"column":46},"end":{"line":10,"column":1}}]},"12":{"line":9,"type":"if","locations":[{"start":{"line":9,"column":4},"end":{"line":9,"column":4}},{"start":{"line":9,"column":4},"end":{"line":9,"column":4}}]},"13":{"line":9,"type":"binary-expr","locations":[{"start":{"line":9,"column":8},"end":{"line":9,"column":35}},{"start":{"line":9,"column":39},"end":{"line":9,"column":77}}]},"14":{"line":56,"type":"if","locations":[{"start":{"line":56,"column":8},"end":{"line":56,"column":8}},{"start":{"line":56,"column":8},"end":{"line":56,"column":8}}]}},"l":{"2":1,"3":1,"4":1,"5":0,"6":1,"8":1,"9":1,"11":1,"12":1,"15":1,"17":0,"18":0,"19":0,"20":0,"21":0,"22":0,"28":0,"29":0,"30":0,"31":0,"32":0,"33":0,"34":0,"39":0,"40":0,"41":0,"42":0,"43":0,"48":1,"52":1,"53":2,"54":0,"55":0,"56":0,"57":0,"60":0}}}
